<!DOCTYPE html>

<html>
  <head>
  <meta charset='utf-8'>
  <title>TestNG reports</title>

    <link type="text/css" href="testng-reports.css" rel="stylesheet" />
    <script type="text/javascript" src="jquery-1.7.1.min.js"></script>
    <script type="text/javascript" src="testng-reports.js"></script>
    <script type="text/javascript" src="https://www.google.com/jsapi"></script>
    <script type='text/javascript'>
      google.load('visualization', '1', {packages:['table']});
      google.setOnLoadCallback(drawTable);
      var suiteTableInitFunctions = new Array();
      var suiteTableData = new Array();
    </script>
    <!--
      <script type="text/javascript" src="jquery-ui/js/jquery-ui-1.8.16.custom.min.js"></script>
     -->
  </head>

  <body>
    <div class="top-banner-root">
      <span class="top-banner-title-font">Test results</span>
      <br/>
      <span class="top-banner-font-1">1 suite</span>
    </div> <!-- top-banner-root -->
    <div class="navigator-root">
      <div class="navigator-suite-header">
        <span>All suites</span>
        <a href="#" title="Collapse/expand all the suites" class="collapse-all-link">
          <img src="collapseall.gif" class="collapse-all-icon">
          </img> <!-- collapse-all-icon -->
        </a> <!-- collapse-all-link -->
      </div> <!-- navigator-suite-header -->
      <div class="suite">
        <div class="rounded-window">
          <div class="suite-header light-rounded-window-top">
            <a href="#" panel-name="suite-Suite" class="navigator-link">
              <span class="suite-name border-skipped">Suite</span>
            </a> <!-- navigator-link -->
          </div> <!-- suite-header light-rounded-window-top -->
          <div class="navigator-suite-content">
            <div class="suite-section-title">
              <span>Info</span>
            </div> <!-- suite-section-title -->
            <div class="suite-section-content">
              <ul>
                <li>
                  <a href="#" panel-name="test-xml-Suite" class="navigator-link ">
                    <span>C:\Users\92301\git\webop-automation\WebOp.Booking.flow.Automation\testng.xml</span>
                  </a> <!-- navigator-link  -->
                </li>
                <li>
                  <a href="#" panel-name="testlist-Suite" class="navigator-link ">
                    <span class="test-stats">2 tests</span>
                  </a> <!-- navigator-link  -->
                </li>
                <li>
                  <a href="#" panel-name="group-Suite" class="navigator-link ">
                    <span>0 groups</span>
                  </a> <!-- navigator-link  -->
                </li>
                <li>
                  <a href="#" panel-name="times-Suite" class="navigator-link ">
                    <span>Times</span>
                  </a> <!-- navigator-link  -->
                </li>
                <li>
                  <a href="#" panel-name="reporter-Suite" class="navigator-link ">
                    <span>Reporter output</span>
                  </a> <!-- navigator-link  -->
                </li>
                <li>
                  <a href="#" panel-name="ignored-methods-Suite" class="navigator-link ">
                    <span>Ignored methods</span>
                  </a> <!-- navigator-link  -->
                </li>
                <li>
                  <a href="#" panel-name="chronological-Suite" class="navigator-link ">
                    <span>Chronological view</span>
                  </a> <!-- navigator-link  -->
                </li>
              </ul>
            </div> <!-- suite-section-content -->
            <div class="result-section">
              <div class="suite-section-title">
                <span>Results</span>
              </div> <!-- suite-section-title -->
              <div class="suite-section-content">
                <ul>
                  <li>
                    <span class="method-stats">22 methods,  22 skipped,  </span>
                  </li>
                  <li>
                    <span class="method-list-title skipped">Skipped methods</span>
                    <span class="show-or-hide-methods skipped">
                      <a href="#" panel-name="suite-Suite" class="hide-methods skipped suite-Suite"> (hide)</a> <!-- hide-methods skipped suite-Suite -->
                      <a href="#" panel-name="suite-Suite" class="show-methods skipped suite-Suite"> (show)</a> <!-- show-methods skipped suite-Suite -->
                    </span>
                    <div class="method-list-content skipped suite-Suite">
                      <span>
                        <img src="skipped.png" width="3%"/>
                        <a href="#" panel-name="suite-Suite" title="com.webop.testcases.Booking_flow_testcases_1_20" class="method navigator-link" hash-for-method="Booked_Job_10">Booked_Job_10</a> <!-- method navigator-link -->
                      </span>
                      <br/>
                      <span>
                        <img src="skipped.png" width="3%"/>
                        <a href="#" panel-name="suite-Suite" title="com.webop.testcases.Booking_flow_testcases_1_20" class="method navigator-link" hash-for-method="Booked_Job_11">Booked_Job_11</a> <!-- method navigator-link -->
                      </span>
                      <br/>
                      <span>
                        <img src="skipped.png" width="3%"/>
                        <a href="#" panel-name="suite-Suite" title="com.webop.testcases.Booking_flow_testcases_1_20" class="method navigator-link" hash-for-method="Booked_Job_12">Booked_Job_12</a> <!-- method navigator-link -->
                      </span>
                      <br/>
                      <span>
                        <img src="skipped.png" width="3%"/>
                        <a href="#" panel-name="suite-Suite" title="com.webop.testcases.Booking_flow_testcases_1_20" class="method navigator-link" hash-for-method="Booked_Job_13">Booked_Job_13</a> <!-- method navigator-link -->
                      </span>
                      <br/>
                      <span>
                        <img src="skipped.png" width="3%"/>
                        <a href="#" panel-name="suite-Suite" title="com.webop.testcases.Booking_flow_testcases_1_20" class="method navigator-link" hash-for-method="Booked_Job_14">Booked_Job_14</a> <!-- method navigator-link -->
                      </span>
                      <br/>
                      <span>
                        <img src="skipped.png" width="3%"/>
                        <a href="#" panel-name="suite-Suite" title="com.webop.testcases.Booking_flow_testcases_1_20" class="method navigator-link" hash-for-method="Booked_Job_15">Booked_Job_15</a> <!-- method navigator-link -->
                      </span>
                      <br/>
                      <span>
                        <img src="skipped.png" width="3%"/>
                        <a href="#" panel-name="suite-Suite" title="com.webop.testcases.Booking_flow_testcases_1_20" class="method navigator-link" hash-for-method="Booked_Job_16">Booked_Job_16</a> <!-- method navigator-link -->
                      </span>
                      <br/>
                      <span>
                        <img src="skipped.png" width="3%"/>
                        <a href="#" panel-name="suite-Suite" title="com.webop.testcases.Booking_flow_testcases_1_20" class="method navigator-link" hash-for-method="Booked_Job_17">Booked_Job_17</a> <!-- method navigator-link -->
                      </span>
                      <br/>
                      <span>
                        <img src="skipped.png" width="3%"/>
                        <a href="#" panel-name="suite-Suite" title="com.webop.testcases.Booking_flow_testcases_1_20" class="method navigator-link" hash-for-method="Booked_Job_18">Booked_Job_18</a> <!-- method navigator-link -->
                      </span>
                      <br/>
                      <span>
                        <img src="skipped.png" width="3%"/>
                        <a href="#" panel-name="suite-Suite" title="com.webop.testcases.Booking_flow_testcases_1_20" class="method navigator-link" hash-for-method="Booked_Job_19">Booked_Job_19</a> <!-- method navigator-link -->
                      </span>
                      <br/>
                      <span>
                        <img src="skipped.png" width="3%"/>
                        <a href="#" panel-name="suite-Suite" title="com.webop.testcases.Booking_flow_testcases_1_20" class="method navigator-link" hash-for-method="Booked_Job_2">Booked_Job_2</a> <!-- method navigator-link -->
                      </span>
                      <br/>
                      <span>
                        <img src="skipped.png" width="3%"/>
                        <a href="#" panel-name="suite-Suite" title="com.webop.testcases.Booking_flow_testcases_1_20" class="method navigator-link" hash-for-method="Booked_Job_20">Booked_Job_20</a> <!-- method navigator-link -->
                      </span>
                      <br/>
                      <span>
                        <img src="skipped.png" width="3%"/>
                        <a href="#" panel-name="suite-Suite" title="com.webop.testcases.Booking_flow_testcases_1_20" class="method navigator-link" hash-for-method="Booked_Job_3">Booked_Job_3</a> <!-- method navigator-link -->
                      </span>
                      <br/>
                      <span>
                        <img src="skipped.png" width="3%"/>
                        <a href="#" panel-name="suite-Suite" title="com.webop.testcases.Booking_flow_testcases_1_20" class="method navigator-link" hash-for-method="Booked_Job_4">Booked_Job_4</a> <!-- method navigator-link -->
                      </span>
                      <br/>
                      <span>
                        <img src="skipped.png" width="3%"/>
                        <a href="#" panel-name="suite-Suite" title="com.webop.testcases.Booking_flow_testcases_1_20" class="method navigator-link" hash-for-method="Booked_Job_5">Booked_Job_5</a> <!-- method navigator-link -->
                      </span>
                      <br/>
                      <span>
                        <img src="skipped.png" width="3%"/>
                        <a href="#" panel-name="suite-Suite" title="com.webop.testcases.Booking_flow_testcases_1_20" class="method navigator-link" hash-for-method="Booked_Job_6">Booked_Job_6</a> <!-- method navigator-link -->
                      </span>
                      <br/>
                      <span>
                        <img src="skipped.png" width="3%"/>
                        <a href="#" panel-name="suite-Suite" title="com.webop.testcases.Booking_flow_testcases_1_20" class="method navigator-link" hash-for-method="Booked_Job_7">Booked_Job_7</a> <!-- method navigator-link -->
                      </span>
                      <br/>
                      <span>
                        <img src="skipped.png" width="3%"/>
                        <a href="#" panel-name="suite-Suite" title="com.webop.testcases.Booking_flow_testcases_1_20" class="method navigator-link" hash-for-method="Booked_Job_8">Booked_Job_8</a> <!-- method navigator-link -->
                      </span>
                      <br/>
                      <span>
                        <img src="skipped.png" width="3%"/>
                        <a href="#" panel-name="suite-Suite" title="com.webop.testcases.Booking_flow_testcases_1_20" class="method navigator-link" hash-for-method="Booked_Job_9">Booked_Job_9</a> <!-- method navigator-link -->
                      </span>
                      <br/>
                      <span>
                        <img src="skipped.png" width="3%"/>
                        <a href="#" panel-name="suite-Suite" title="com.webop.testcases.Booking_flow_testcases_1_20" class="method navigator-link" hash-for-method="Booked_Job_with_Normal_flow_1">Booked_Job_with_Normal_flow_1</a> <!-- method navigator-link -->
                      </span>
                      <br/>
                      <span>
                        <img src="skipped.png" width="3%"/>
                        <a href="#" panel-name="suite-Suite" title="com.webop.testcases.Booking_flow_testcases_1_20" class="method navigator-link" hash-for-method="Emerald_Lunched">Emerald_Lunched</a> <!-- method navigator-link -->
                      </span>
                      <br/>
                      <span>
                        <img src="skipped.png" width="3%"/>
                        <a href="#" panel-name="suite-Suite" title="com.webop.testcases.Booking_flow_testcases_1_20" class="method navigator-link" hash-for-method="valid_login">valid_login</a> <!-- method navigator-link -->
                      </span>
                      <br/>
                    </div> <!-- method-list-content skipped suite-Suite -->
                  </li>
                </ul>
              </div> <!-- suite-section-content -->
            </div> <!-- result-section -->
          </div> <!-- navigator-suite-content -->
        </div> <!-- rounded-window -->
      </div> <!-- suite -->
    </div> <!-- navigator-root -->
    <div class="wrapper">
      <div class="main-panel-root">
        <div panel-name="suite-Suite" class="panel Suite">
          <div class="suite-Suite-class-skipped">
            <div class="main-panel-header rounded-window-top">
              <img src="skipped.png"/>
              <span class="class-name">com.webop.testcases.Booking_flow_testcases_1_20</span>
            </div> <!-- main-panel-header rounded-window-top -->
            <div class="main-panel-content rounded-window-bottom">
              <div class="method">
                <div class="method-content">
                  <a name="Booked_Job_10">
                  </a> <!-- Booked_Job_10 -->
                  <span class="method-name">Booked_Job_10</span>
                  <div class="stack-trace">org.openqa.selenium.SessionNotCreatedException: session not created: This version of ChromeDriver only supports Chrome version 95
Current browser version is 103.0.5060.66 with binary path C:\Program Files (x86)\Google\Chrome\Application\chrome.exe
Build info: version: &apos;3.141.59&apos;, revision: &apos;e82be7d358&apos;, time: &apos;2018-11-14T08:17:03&apos;
System info: host: &apos;DESKTOP-34EGUV4&apos;, ip: &apos;192.168.10.9&apos;, os.name: &apos;Windows 10&apos;, os.arch: &apos;amd64&apos;, os.version: &apos;10.0&apos;, java.version: &apos;16.0.1&apos;
Driver info: driver.version: ChromeDriver
remote stacktrace: Backtrace:
	Ordinal0 [0x00D40C43+2493507]
	Ordinal0 [0x00CDA4B1+2073777]
	Ordinal0 [0x00BE2608+1058312]
	Ordinal0 [0x00C00771+1181553]
	Ordinal0 [0x00BFC57B+1164667]
	Ordinal0 [0x00BF9DCF+1154511]
	Ordinal0 [0x00C29F0F+1351439]
	Ordinal0 [0x00C29B7A+1350522]
	Ordinal0 [0x00C2580B+1333259]
	Ordinal0 [0x00C02314+1188628]
	Ordinal0 [0x00C0316F+1192303]
	GetHandleVerifier [0x00EC7BF6+1548950]
	GetHandleVerifier [0x00F7461C+2256060]
	GetHandleVerifier [0x00DCC13B+518107]
	GetHandleVerifier [0x00DCB1E0+514176]
	Ordinal0 [0x00CDF53D+2094397]
	Ordinal0 [0x00CE3418+2110488]
	Ordinal0 [0x00CE3552+2110802]
	Ordinal0 [0x00CECE81+2150017]
	BaseThreadInitThunk [0x7699FA29+25]
	RtlGetAppContainerNamedObjectPath [0x77AF7A9E+286]
	RtlGetAppContainerNamedObjectPath [0x77AF7A6E+238]

	at org.openqa.selenium.remote.W3CHandshakeResponse.lambda$errorHandler$0(W3CHandshakeResponse.java:62)
	at org.openqa.selenium.remote.HandshakeResponse.lambda$getResponseFunction$0(HandshakeResponse.java:30)
	at org.openqa.selenium.remote.ProtocolHandshake.lambda$createSession$0(ProtocolHandshake.java:126)
	at java.base/java.util.stream.ReferencePipeline$3$1.accept(ReferencePipeline.java:197)
	at java.base/java.util.Spliterators$ArraySpliterator.tryAdvance(Spliterators.java:958)
	at java.base/java.util.stream.ReferencePipeline.forEachWithCancel(ReferencePipeline.java:129)
	at java.base/java.util.stream.AbstractPipeline.copyIntoWithCancel(AbstractPipeline.java:502)
	at java.base/java.util.stream.AbstractPipeline.copyInto(AbstractPipeline.java:488)
	at java.base/java.util.stream.AbstractPipeline.wrapAndCopyInto(AbstractPipeline.java:474)
	at java.base/java.util.stream.FindOps$FindOp.evaluateSequential(FindOps.java:150)
	at java.base/java.util.stream.AbstractPipeline.evaluate(AbstractPipeline.java:234)
	at java.base/java.util.stream.ReferencePipeline.findFirst(ReferencePipeline.java:647)
	at org.openqa.selenium.remote.ProtocolHandshake.createSession(ProtocolHandshake.java:128)
	at org.openqa.selenium.remote.ProtocolHandshake.createSession(ProtocolHandshake.java:74)
	at org.openqa.selenium.remote.HttpCommandExecutor.execute(HttpCommandExecutor.java:136)
	at org.openqa.selenium.remote.service.DriverCommandExecutor.execute(DriverCommandExecutor.java:83)
	at org.openqa.selenium.remote.RemoteWebDriver.execute(RemoteWebDriver.java:552)
	at org.openqa.selenium.remote.RemoteWebDriver.startSession(RemoteWebDriver.java:213)
	at org.openqa.selenium.remote.RemoteWebDriver.&lt;init&gt;(RemoteWebDriver.java:131)
	at org.openqa.selenium.chrome.ChromeDriver.&lt;init&gt;(ChromeDriver.java:181)
	at org.openqa.selenium.chrome.ChromeDriver.&lt;init&gt;(ChromeDriver.java:168)
	at org.openqa.selenium.chrome.ChromeDriver.&lt;init&gt;(ChromeDriver.java:157)
	at com.webop.common.BrowsersFactory.startBrowser(BrowsersFactory.java:40)
... Removed 29 stack frames
</div> <!-- stack-trace -->
                </div> <!-- method-content -->
              </div> <!-- method -->
              <div class="method">
                <div class="method-content">
                  <a name="Booked_Job_11">
                  </a> <!-- Booked_Job_11 -->
                  <span class="method-name">Booked_Job_11</span>
                  <div class="stack-trace">org.openqa.selenium.SessionNotCreatedException: session not created: This version of ChromeDriver only supports Chrome version 95
Current browser version is 103.0.5060.66 with binary path C:\Program Files (x86)\Google\Chrome\Application\chrome.exe
Build info: version: &apos;3.141.59&apos;, revision: &apos;e82be7d358&apos;, time: &apos;2018-11-14T08:17:03&apos;
System info: host: &apos;DESKTOP-34EGUV4&apos;, ip: &apos;192.168.10.9&apos;, os.name: &apos;Windows 10&apos;, os.arch: &apos;amd64&apos;, os.version: &apos;10.0&apos;, java.version: &apos;16.0.1&apos;
Driver info: driver.version: ChromeDriver
remote stacktrace: Backtrace:
	Ordinal0 [0x00D40C43+2493507]
	Ordinal0 [0x00CDA4B1+2073777]
	Ordinal0 [0x00BE2608+1058312]
	Ordinal0 [0x00C00771+1181553]
	Ordinal0 [0x00BFC57B+1164667]
	Ordinal0 [0x00BF9DCF+1154511]
	Ordinal0 [0x00C29F0F+1351439]
	Ordinal0 [0x00C29B7A+1350522]
	Ordinal0 [0x00C2580B+1333259]
	Ordinal0 [0x00C02314+1188628]
	Ordinal0 [0x00C0316F+1192303]
	GetHandleVerifier [0x00EC7BF6+1548950]
	GetHandleVerifier [0x00F7461C+2256060]
	GetHandleVerifier [0x00DCC13B+518107]
	GetHandleVerifier [0x00DCB1E0+514176]
	Ordinal0 [0x00CDF53D+2094397]
	Ordinal0 [0x00CE3418+2110488]
	Ordinal0 [0x00CE3552+2110802]
	Ordinal0 [0x00CECE81+2150017]
	BaseThreadInitThunk [0x7699FA29+25]
	RtlGetAppContainerNamedObjectPath [0x77AF7A9E+286]
	RtlGetAppContainerNamedObjectPath [0x77AF7A6E+238]

	at org.openqa.selenium.remote.W3CHandshakeResponse.lambda$errorHandler$0(W3CHandshakeResponse.java:62)
	at org.openqa.selenium.remote.HandshakeResponse.lambda$getResponseFunction$0(HandshakeResponse.java:30)
	at org.openqa.selenium.remote.ProtocolHandshake.lambda$createSession$0(ProtocolHandshake.java:126)
	at java.base/java.util.stream.ReferencePipeline$3$1.accept(ReferencePipeline.java:197)
	at java.base/java.util.Spliterators$ArraySpliterator.tryAdvance(Spliterators.java:958)
	at java.base/java.util.stream.ReferencePipeline.forEachWithCancel(ReferencePipeline.java:129)
	at java.base/java.util.stream.AbstractPipeline.copyIntoWithCancel(AbstractPipeline.java:502)
	at java.base/java.util.stream.AbstractPipeline.copyInto(AbstractPipeline.java:488)
	at java.base/java.util.stream.AbstractPipeline.wrapAndCopyInto(AbstractPipeline.java:474)
	at java.base/java.util.stream.FindOps$FindOp.evaluateSequential(FindOps.java:150)
	at java.base/java.util.stream.AbstractPipeline.evaluate(AbstractPipeline.java:234)
	at java.base/java.util.stream.ReferencePipeline.findFirst(ReferencePipeline.java:647)
	at org.openqa.selenium.remote.ProtocolHandshake.createSession(ProtocolHandshake.java:128)
	at org.openqa.selenium.remote.ProtocolHandshake.createSession(ProtocolHandshake.java:74)
	at org.openqa.selenium.remote.HttpCommandExecutor.execute(HttpCommandExecutor.java:136)
	at org.openqa.selenium.remote.service.DriverCommandExecutor.execute(DriverCommandExecutor.java:83)
	at org.openqa.selenium.remote.RemoteWebDriver.execute(RemoteWebDriver.java:552)
	at org.openqa.selenium.remote.RemoteWebDriver.startSession(RemoteWebDriver.java:213)
	at org.openqa.selenium.remote.RemoteWebDriver.&lt;init&gt;(RemoteWebDriver.java:131)
	at org.openqa.selenium.chrome.ChromeDriver.&lt;init&gt;(ChromeDriver.java:181)
	at org.openqa.selenium.chrome.ChromeDriver.&lt;init&gt;(ChromeDriver.java:168)
	at org.openqa.selenium.chrome.ChromeDriver.&lt;init&gt;(ChromeDriver.java:157)
	at com.webop.common.BrowsersFactory.startBrowser(BrowsersFactory.java:40)
... Removed 29 stack frames
</div> <!-- stack-trace -->
                </div> <!-- method-content -->
              </div> <!-- method -->
              <div class="method">
                <div class="method-content">
                  <a name="Booked_Job_12">
                  </a> <!-- Booked_Job_12 -->
                  <span class="method-name">Booked_Job_12</span>
                  <div class="stack-trace">org.openqa.selenium.SessionNotCreatedException: session not created: This version of ChromeDriver only supports Chrome version 95
Current browser version is 103.0.5060.66 with binary path C:\Program Files (x86)\Google\Chrome\Application\chrome.exe
Build info: version: &apos;3.141.59&apos;, revision: &apos;e82be7d358&apos;, time: &apos;2018-11-14T08:17:03&apos;
System info: host: &apos;DESKTOP-34EGUV4&apos;, ip: &apos;192.168.10.9&apos;, os.name: &apos;Windows 10&apos;, os.arch: &apos;amd64&apos;, os.version: &apos;10.0&apos;, java.version: &apos;16.0.1&apos;
Driver info: driver.version: ChromeDriver
remote stacktrace: Backtrace:
	Ordinal0 [0x00D40C43+2493507]
	Ordinal0 [0x00CDA4B1+2073777]
	Ordinal0 [0x00BE2608+1058312]
	Ordinal0 [0x00C00771+1181553]
	Ordinal0 [0x00BFC57B+1164667]
	Ordinal0 [0x00BF9DCF+1154511]
	Ordinal0 [0x00C29F0F+1351439]
	Ordinal0 [0x00C29B7A+1350522]
	Ordinal0 [0x00C2580B+1333259]
	Ordinal0 [0x00C02314+1188628]
	Ordinal0 [0x00C0316F+1192303]
	GetHandleVerifier [0x00EC7BF6+1548950]
	GetHandleVerifier [0x00F7461C+2256060]
	GetHandleVerifier [0x00DCC13B+518107]
	GetHandleVerifier [0x00DCB1E0+514176]
	Ordinal0 [0x00CDF53D+2094397]
	Ordinal0 [0x00CE3418+2110488]
	Ordinal0 [0x00CE3552+2110802]
	Ordinal0 [0x00CECE81+2150017]
	BaseThreadInitThunk [0x7699FA29+25]
	RtlGetAppContainerNamedObjectPath [0x77AF7A9E+286]
	RtlGetAppContainerNamedObjectPath [0x77AF7A6E+238]

	at org.openqa.selenium.remote.W3CHandshakeResponse.lambda$errorHandler$0(W3CHandshakeResponse.java:62)
	at org.openqa.selenium.remote.HandshakeResponse.lambda$getResponseFunction$0(HandshakeResponse.java:30)
	at org.openqa.selenium.remote.ProtocolHandshake.lambda$createSession$0(ProtocolHandshake.java:126)
	at java.base/java.util.stream.ReferencePipeline$3$1.accept(ReferencePipeline.java:197)
	at java.base/java.util.Spliterators$ArraySpliterator.tryAdvance(Spliterators.java:958)
	at java.base/java.util.stream.ReferencePipeline.forEachWithCancel(ReferencePipeline.java:129)
	at java.base/java.util.stream.AbstractPipeline.copyIntoWithCancel(AbstractPipeline.java:502)
	at java.base/java.util.stream.AbstractPipeline.copyInto(AbstractPipeline.java:488)
	at java.base/java.util.stream.AbstractPipeline.wrapAndCopyInto(AbstractPipeline.java:474)
	at java.base/java.util.stream.FindOps$FindOp.evaluateSequential(FindOps.java:150)
	at java.base/java.util.stream.AbstractPipeline.evaluate(AbstractPipeline.java:234)
	at java.base/java.util.stream.ReferencePipeline.findFirst(ReferencePipeline.java:647)
	at org.openqa.selenium.remote.ProtocolHandshake.createSession(ProtocolHandshake.java:128)
	at org.openqa.selenium.remote.ProtocolHandshake.createSession(ProtocolHandshake.java:74)
	at org.openqa.selenium.remote.HttpCommandExecutor.execute(HttpCommandExecutor.java:136)
	at org.openqa.selenium.remote.service.DriverCommandExecutor.execute(DriverCommandExecutor.java:83)
	at org.openqa.selenium.remote.RemoteWebDriver.execute(RemoteWebDriver.java:552)
	at org.openqa.selenium.remote.RemoteWebDriver.startSession(RemoteWebDriver.java:213)
	at org.openqa.selenium.remote.RemoteWebDriver.&lt;init&gt;(RemoteWebDriver.java:131)
	at org.openqa.selenium.chrome.ChromeDriver.&lt;init&gt;(ChromeDriver.java:181)
	at org.openqa.selenium.chrome.ChromeDriver.&lt;init&gt;(ChromeDriver.java:168)
	at org.openqa.selenium.chrome.ChromeDriver.&lt;init&gt;(ChromeDriver.java:157)
	at com.webop.common.BrowsersFactory.startBrowser(BrowsersFactory.java:40)
... Removed 29 stack frames
</div> <!-- stack-trace -->
                </div> <!-- method-content -->
              </div> <!-- method -->
              <div class="method">
                <div class="method-content">
                  <a name="Booked_Job_13">
                  </a> <!-- Booked_Job_13 -->
                  <span class="method-name">Booked_Job_13</span>
                  <div class="stack-trace">org.openqa.selenium.SessionNotCreatedException: session not created: This version of ChromeDriver only supports Chrome version 95
Current browser version is 103.0.5060.66 with binary path C:\Program Files (x86)\Google\Chrome\Application\chrome.exe
Build info: version: &apos;3.141.59&apos;, revision: &apos;e82be7d358&apos;, time: &apos;2018-11-14T08:17:03&apos;
System info: host: &apos;DESKTOP-34EGUV4&apos;, ip: &apos;192.168.10.9&apos;, os.name: &apos;Windows 10&apos;, os.arch: &apos;amd64&apos;, os.version: &apos;10.0&apos;, java.version: &apos;16.0.1&apos;
Driver info: driver.version: ChromeDriver
remote stacktrace: Backtrace:
	Ordinal0 [0x00D40C43+2493507]
	Ordinal0 [0x00CDA4B1+2073777]
	Ordinal0 [0x00BE2608+1058312]
	Ordinal0 [0x00C00771+1181553]
	Ordinal0 [0x00BFC57B+1164667]
	Ordinal0 [0x00BF9DCF+1154511]
	Ordinal0 [0x00C29F0F+1351439]
	Ordinal0 [0x00C29B7A+1350522]
	Ordinal0 [0x00C2580B+1333259]
	Ordinal0 [0x00C02314+1188628]
	Ordinal0 [0x00C0316F+1192303]
	GetHandleVerifier [0x00EC7BF6+1548950]
	GetHandleVerifier [0x00F7461C+2256060]
	GetHandleVerifier [0x00DCC13B+518107]
	GetHandleVerifier [0x00DCB1E0+514176]
	Ordinal0 [0x00CDF53D+2094397]
	Ordinal0 [0x00CE3418+2110488]
	Ordinal0 [0x00CE3552+2110802]
	Ordinal0 [0x00CECE81+2150017]
	BaseThreadInitThunk [0x7699FA29+25]
	RtlGetAppContainerNamedObjectPath [0x77AF7A9E+286]
	RtlGetAppContainerNamedObjectPath [0x77AF7A6E+238]

	at org.openqa.selenium.remote.W3CHandshakeResponse.lambda$errorHandler$0(W3CHandshakeResponse.java:62)
	at org.openqa.selenium.remote.HandshakeResponse.lambda$getResponseFunction$0(HandshakeResponse.java:30)
	at org.openqa.selenium.remote.ProtocolHandshake.lambda$createSession$0(ProtocolHandshake.java:126)
	at java.base/java.util.stream.ReferencePipeline$3$1.accept(ReferencePipeline.java:197)
	at java.base/java.util.Spliterators$ArraySpliterator.tryAdvance(Spliterators.java:958)
	at java.base/java.util.stream.ReferencePipeline.forEachWithCancel(ReferencePipeline.java:129)
	at java.base/java.util.stream.AbstractPipeline.copyIntoWithCancel(AbstractPipeline.java:502)
	at java.base/java.util.stream.AbstractPipeline.copyInto(AbstractPipeline.java:488)
	at java.base/java.util.stream.AbstractPipeline.wrapAndCopyInto(AbstractPipeline.java:474)
	at java.base/java.util.stream.FindOps$FindOp.evaluateSequential(FindOps.java:150)
	at java.base/java.util.stream.AbstractPipeline.evaluate(AbstractPipeline.java:234)
	at java.base/java.util.stream.ReferencePipeline.findFirst(ReferencePipeline.java:647)
	at org.openqa.selenium.remote.ProtocolHandshake.createSession(ProtocolHandshake.java:128)
	at org.openqa.selenium.remote.ProtocolHandshake.createSession(ProtocolHandshake.java:74)
	at org.openqa.selenium.remote.HttpCommandExecutor.execute(HttpCommandExecutor.java:136)
	at org.openqa.selenium.remote.service.DriverCommandExecutor.execute(DriverCommandExecutor.java:83)
	at org.openqa.selenium.remote.RemoteWebDriver.execute(RemoteWebDriver.java:552)
	at org.openqa.selenium.remote.RemoteWebDriver.startSession(RemoteWebDriver.java:213)
	at org.openqa.selenium.remote.RemoteWebDriver.&lt;init&gt;(RemoteWebDriver.java:131)
	at org.openqa.selenium.chrome.ChromeDriver.&lt;init&gt;(ChromeDriver.java:181)
	at org.openqa.selenium.chrome.ChromeDriver.&lt;init&gt;(ChromeDriver.java:168)
	at org.openqa.selenium.chrome.ChromeDriver.&lt;init&gt;(ChromeDriver.java:157)
	at com.webop.common.BrowsersFactory.startBrowser(BrowsersFactory.java:40)
... Removed 29 stack frames
</div> <!-- stack-trace -->
                </div> <!-- method-content -->
              </div> <!-- method -->
              <div class="method">
                <div class="method-content">
                  <a name="Booked_Job_14">
                  </a> <!-- Booked_Job_14 -->
                  <span class="method-name">Booked_Job_14</span>
                  <div class="stack-trace">org.openqa.selenium.SessionNotCreatedException: session not created: This version of ChromeDriver only supports Chrome version 95
Current browser version is 103.0.5060.66 with binary path C:\Program Files (x86)\Google\Chrome\Application\chrome.exe
Build info: version: &apos;3.141.59&apos;, revision: &apos;e82be7d358&apos;, time: &apos;2018-11-14T08:17:03&apos;
System info: host: &apos;DESKTOP-34EGUV4&apos;, ip: &apos;192.168.10.9&apos;, os.name: &apos;Windows 10&apos;, os.arch: &apos;amd64&apos;, os.version: &apos;10.0&apos;, java.version: &apos;16.0.1&apos;
Driver info: driver.version: ChromeDriver
remote stacktrace: Backtrace:
	Ordinal0 [0x00D40C43+2493507]
	Ordinal0 [0x00CDA4B1+2073777]
	Ordinal0 [0x00BE2608+1058312]
	Ordinal0 [0x00C00771+1181553]
	Ordinal0 [0x00BFC57B+1164667]
	Ordinal0 [0x00BF9DCF+1154511]
	Ordinal0 [0x00C29F0F+1351439]
	Ordinal0 [0x00C29B7A+1350522]
	Ordinal0 [0x00C2580B+1333259]
	Ordinal0 [0x00C02314+1188628]
	Ordinal0 [0x00C0316F+1192303]
	GetHandleVerifier [0x00EC7BF6+1548950]
	GetHandleVerifier [0x00F7461C+2256060]
	GetHandleVerifier [0x00DCC13B+518107]
	GetHandleVerifier [0x00DCB1E0+514176]
	Ordinal0 [0x00CDF53D+2094397]
	Ordinal0 [0x00CE3418+2110488]
	Ordinal0 [0x00CE3552+2110802]
	Ordinal0 [0x00CECE81+2150017]
	BaseThreadInitThunk [0x7699FA29+25]
	RtlGetAppContainerNamedObjectPath [0x77AF7A9E+286]
	RtlGetAppContainerNamedObjectPath [0x77AF7A6E+238]

	at org.openqa.selenium.remote.W3CHandshakeResponse.lambda$errorHandler$0(W3CHandshakeResponse.java:62)
	at org.openqa.selenium.remote.HandshakeResponse.lambda$getResponseFunction$0(HandshakeResponse.java:30)
	at org.openqa.selenium.remote.ProtocolHandshake.lambda$createSession$0(ProtocolHandshake.java:126)
	at java.base/java.util.stream.ReferencePipeline$3$1.accept(ReferencePipeline.java:197)
	at java.base/java.util.Spliterators$ArraySpliterator.tryAdvance(Spliterators.java:958)
	at java.base/java.util.stream.ReferencePipeline.forEachWithCancel(ReferencePipeline.java:129)
	at java.base/java.util.stream.AbstractPipeline.copyIntoWithCancel(AbstractPipeline.java:502)
	at java.base/java.util.stream.AbstractPipeline.copyInto(AbstractPipeline.java:488)
	at java.base/java.util.stream.AbstractPipeline.wrapAndCopyInto(AbstractPipeline.java:474)
	at java.base/java.util.stream.FindOps$FindOp.evaluateSequential(FindOps.java:150)
	at java.base/java.util.stream.AbstractPipeline.evaluate(AbstractPipeline.java:234)
	at java.base/java.util.stream.ReferencePipeline.findFirst(ReferencePipeline.java:647)
	at org.openqa.selenium.remote.ProtocolHandshake.createSession(ProtocolHandshake.java:128)
	at org.openqa.selenium.remote.ProtocolHandshake.createSession(ProtocolHandshake.java:74)
	at org.openqa.selenium.remote.HttpCommandExecutor.execute(HttpCommandExecutor.java:136)
	at org.openqa.selenium.remote.service.DriverCommandExecutor.execute(DriverCommandExecutor.java:83)
	at org.openqa.selenium.remote.RemoteWebDriver.execute(RemoteWebDriver.java:552)
	at org.openqa.selenium.remote.RemoteWebDriver.startSession(RemoteWebDriver.java:213)
	at org.openqa.selenium.remote.RemoteWebDriver.&lt;init&gt;(RemoteWebDriver.java:131)
	at org.openqa.selenium.chrome.ChromeDriver.&lt;init&gt;(ChromeDriver.java:181)
	at org.openqa.selenium.chrome.ChromeDriver.&lt;init&gt;(ChromeDriver.java:168)
	at org.openqa.selenium.chrome.ChromeDriver.&lt;init&gt;(ChromeDriver.java:157)
	at com.webop.common.BrowsersFactory.startBrowser(BrowsersFactory.java:40)
... Removed 29 stack frames
</div> <!-- stack-trace -->
                </div> <!-- method-content -->
              </div> <!-- method -->
              <div class="method">
                <div class="method-content">
                  <a name="Booked_Job_15">
                  </a> <!-- Booked_Job_15 -->
                  <span class="method-name">Booked_Job_15</span>
                  <div class="stack-trace">org.openqa.selenium.SessionNotCreatedException: session not created: This version of ChromeDriver only supports Chrome version 95
Current browser version is 103.0.5060.66 with binary path C:\Program Files (x86)\Google\Chrome\Application\chrome.exe
Build info: version: &apos;3.141.59&apos;, revision: &apos;e82be7d358&apos;, time: &apos;2018-11-14T08:17:03&apos;
System info: host: &apos;DESKTOP-34EGUV4&apos;, ip: &apos;192.168.10.9&apos;, os.name: &apos;Windows 10&apos;, os.arch: &apos;amd64&apos;, os.version: &apos;10.0&apos;, java.version: &apos;16.0.1&apos;
Driver info: driver.version: ChromeDriver
remote stacktrace: Backtrace:
	Ordinal0 [0x00D40C43+2493507]
	Ordinal0 [0x00CDA4B1+2073777]
	Ordinal0 [0x00BE2608+1058312]
	Ordinal0 [0x00C00771+1181553]
	Ordinal0 [0x00BFC57B+1164667]
	Ordinal0 [0x00BF9DCF+1154511]
	Ordinal0 [0x00C29F0F+1351439]
	Ordinal0 [0x00C29B7A+1350522]
	Ordinal0 [0x00C2580B+1333259]
	Ordinal0 [0x00C02314+1188628]
	Ordinal0 [0x00C0316F+1192303]
	GetHandleVerifier [0x00EC7BF6+1548950]
	GetHandleVerifier [0x00F7461C+2256060]
	GetHandleVerifier [0x00DCC13B+518107]
	GetHandleVerifier [0x00DCB1E0+514176]
	Ordinal0 [0x00CDF53D+2094397]
	Ordinal0 [0x00CE3418+2110488]
	Ordinal0 [0x00CE3552+2110802]
	Ordinal0 [0x00CECE81+2150017]
	BaseThreadInitThunk [0x7699FA29+25]
	RtlGetAppContainerNamedObjectPath [0x77AF7A9E+286]
	RtlGetAppContainerNamedObjectPath [0x77AF7A6E+238]

	at org.openqa.selenium.remote.W3CHandshakeResponse.lambda$errorHandler$0(W3CHandshakeResponse.java:62)
	at org.openqa.selenium.remote.HandshakeResponse.lambda$getResponseFunction$0(HandshakeResponse.java:30)
	at org.openqa.selenium.remote.ProtocolHandshake.lambda$createSession$0(ProtocolHandshake.java:126)
	at java.base/java.util.stream.ReferencePipeline$3$1.accept(ReferencePipeline.java:197)
	at java.base/java.util.Spliterators$ArraySpliterator.tryAdvance(Spliterators.java:958)
	at java.base/java.util.stream.ReferencePipeline.forEachWithCancel(ReferencePipeline.java:129)
	at java.base/java.util.stream.AbstractPipeline.copyIntoWithCancel(AbstractPipeline.java:502)
	at java.base/java.util.stream.AbstractPipeline.copyInto(AbstractPipeline.java:488)
	at java.base/java.util.stream.AbstractPipeline.wrapAndCopyInto(AbstractPipeline.java:474)
	at java.base/java.util.stream.FindOps$FindOp.evaluateSequential(FindOps.java:150)
	at java.base/java.util.stream.AbstractPipeline.evaluate(AbstractPipeline.java:234)
	at java.base/java.util.stream.ReferencePipeline.findFirst(ReferencePipeline.java:647)
	at org.openqa.selenium.remote.ProtocolHandshake.createSession(ProtocolHandshake.java:128)
	at org.openqa.selenium.remote.ProtocolHandshake.createSession(ProtocolHandshake.java:74)
	at org.openqa.selenium.remote.HttpCommandExecutor.execute(HttpCommandExecutor.java:136)
	at org.openqa.selenium.remote.service.DriverCommandExecutor.execute(DriverCommandExecutor.java:83)
	at org.openqa.selenium.remote.RemoteWebDriver.execute(RemoteWebDriver.java:552)
	at org.openqa.selenium.remote.RemoteWebDriver.startSession(RemoteWebDriver.java:213)
	at org.openqa.selenium.remote.RemoteWebDriver.&lt;init&gt;(RemoteWebDriver.java:131)
	at org.openqa.selenium.chrome.ChromeDriver.&lt;init&gt;(ChromeDriver.java:181)
	at org.openqa.selenium.chrome.ChromeDriver.&lt;init&gt;(ChromeDriver.java:168)
	at org.openqa.selenium.chrome.ChromeDriver.&lt;init&gt;(ChromeDriver.java:157)
	at com.webop.common.BrowsersFactory.startBrowser(BrowsersFactory.java:40)
... Removed 29 stack frames
</div> <!-- stack-trace -->
                </div> <!-- method-content -->
              </div> <!-- method -->
              <div class="method">
                <div class="method-content">
                  <a name="Booked_Job_16">
                  </a> <!-- Booked_Job_16 -->
                  <span class="method-name">Booked_Job_16</span>
                  <div class="stack-trace">org.openqa.selenium.SessionNotCreatedException: session not created: This version of ChromeDriver only supports Chrome version 95
Current browser version is 103.0.5060.66 with binary path C:\Program Files (x86)\Google\Chrome\Application\chrome.exe
Build info: version: &apos;3.141.59&apos;, revision: &apos;e82be7d358&apos;, time: &apos;2018-11-14T08:17:03&apos;
System info: host: &apos;DESKTOP-34EGUV4&apos;, ip: &apos;192.168.10.9&apos;, os.name: &apos;Windows 10&apos;, os.arch: &apos;amd64&apos;, os.version: &apos;10.0&apos;, java.version: &apos;16.0.1&apos;
Driver info: driver.version: ChromeDriver
remote stacktrace: Backtrace:
	Ordinal0 [0x00D40C43+2493507]
	Ordinal0 [0x00CDA4B1+2073777]
	Ordinal0 [0x00BE2608+1058312]
	Ordinal0 [0x00C00771+1181553]
	Ordinal0 [0x00BFC57B+1164667]
	Ordinal0 [0x00BF9DCF+1154511]
	Ordinal0 [0x00C29F0F+1351439]
	Ordinal0 [0x00C29B7A+1350522]
	Ordinal0 [0x00C2580B+1333259]
	Ordinal0 [0x00C02314+1188628]
	Ordinal0 [0x00C0316F+1192303]
	GetHandleVerifier [0x00EC7BF6+1548950]
	GetHandleVerifier [0x00F7461C+2256060]
	GetHandleVerifier [0x00DCC13B+518107]
	GetHandleVerifier [0x00DCB1E0+514176]
	Ordinal0 [0x00CDF53D+2094397]
	Ordinal0 [0x00CE3418+2110488]
	Ordinal0 [0x00CE3552+2110802]
	Ordinal0 [0x00CECE81+2150017]
	BaseThreadInitThunk [0x7699FA29+25]
	RtlGetAppContainerNamedObjectPath [0x77AF7A9E+286]
	RtlGetAppContainerNamedObjectPath [0x77AF7A6E+238]

	at org.openqa.selenium.remote.W3CHandshakeResponse.lambda$errorHandler$0(W3CHandshakeResponse.java:62)
	at org.openqa.selenium.remote.HandshakeResponse.lambda$getResponseFunction$0(HandshakeResponse.java:30)
	at org.openqa.selenium.remote.ProtocolHandshake.lambda$createSession$0(ProtocolHandshake.java:126)
	at java.base/java.util.stream.ReferencePipeline$3$1.accept(ReferencePipeline.java:197)
	at java.base/java.util.Spliterators$ArraySpliterator.tryAdvance(Spliterators.java:958)
	at java.base/java.util.stream.ReferencePipeline.forEachWithCancel(ReferencePipeline.java:129)
	at java.base/java.util.stream.AbstractPipeline.copyIntoWithCancel(AbstractPipeline.java:502)
	at java.base/java.util.stream.AbstractPipeline.copyInto(AbstractPipeline.java:488)
	at java.base/java.util.stream.AbstractPipeline.wrapAndCopyInto(AbstractPipeline.java:474)
	at java.base/java.util.stream.FindOps$FindOp.evaluateSequential(FindOps.java:150)
	at java.base/java.util.stream.AbstractPipeline.evaluate(AbstractPipeline.java:234)
	at java.base/java.util.stream.ReferencePipeline.findFirst(ReferencePipeline.java:647)
	at org.openqa.selenium.remote.ProtocolHandshake.createSession(ProtocolHandshake.java:128)
	at org.openqa.selenium.remote.ProtocolHandshake.createSession(ProtocolHandshake.java:74)
	at org.openqa.selenium.remote.HttpCommandExecutor.execute(HttpCommandExecutor.java:136)
	at org.openqa.selenium.remote.service.DriverCommandExecutor.execute(DriverCommandExecutor.java:83)
	at org.openqa.selenium.remote.RemoteWebDriver.execute(RemoteWebDriver.java:552)
	at org.openqa.selenium.remote.RemoteWebDriver.startSession(RemoteWebDriver.java:213)
	at org.openqa.selenium.remote.RemoteWebDriver.&lt;init&gt;(RemoteWebDriver.java:131)
	at org.openqa.selenium.chrome.ChromeDriver.&lt;init&gt;(ChromeDriver.java:181)
	at org.openqa.selenium.chrome.ChromeDriver.&lt;init&gt;(ChromeDriver.java:168)
	at org.openqa.selenium.chrome.ChromeDriver.&lt;init&gt;(ChromeDriver.java:157)
	at com.webop.common.BrowsersFactory.startBrowser(BrowsersFactory.java:40)
... Removed 29 stack frames
</div> <!-- stack-trace -->
                </div> <!-- method-content -->
              </div> <!-- method -->
              <div class="method">
                <div class="method-content">
                  <a name="Booked_Job_17">
                  </a> <!-- Booked_Job_17 -->
                  <span class="method-name">Booked_Job_17</span>
                  <div class="stack-trace">org.openqa.selenium.SessionNotCreatedException: session not created: This version of ChromeDriver only supports Chrome version 95
Current browser version is 103.0.5060.66 with binary path C:\Program Files (x86)\Google\Chrome\Application\chrome.exe
Build info: version: &apos;3.141.59&apos;, revision: &apos;e82be7d358&apos;, time: &apos;2018-11-14T08:17:03&apos;
System info: host: &apos;DESKTOP-34EGUV4&apos;, ip: &apos;192.168.10.9&apos;, os.name: &apos;Windows 10&apos;, os.arch: &apos;amd64&apos;, os.version: &apos;10.0&apos;, java.version: &apos;16.0.1&apos;
Driver info: driver.version: ChromeDriver
remote stacktrace: Backtrace:
	Ordinal0 [0x00D40C43+2493507]
	Ordinal0 [0x00CDA4B1+2073777]
	Ordinal0 [0x00BE2608+1058312]
	Ordinal0 [0x00C00771+1181553]
	Ordinal0 [0x00BFC57B+1164667]
	Ordinal0 [0x00BF9DCF+1154511]
	Ordinal0 [0x00C29F0F+1351439]
	Ordinal0 [0x00C29B7A+1350522]
	Ordinal0 [0x00C2580B+1333259]
	Ordinal0 [0x00C02314+1188628]
	Ordinal0 [0x00C0316F+1192303]
	GetHandleVerifier [0x00EC7BF6+1548950]
	GetHandleVerifier [0x00F7461C+2256060]
	GetHandleVerifier [0x00DCC13B+518107]
	GetHandleVerifier [0x00DCB1E0+514176]
	Ordinal0 [0x00CDF53D+2094397]
	Ordinal0 [0x00CE3418+2110488]
	Ordinal0 [0x00CE3552+2110802]
	Ordinal0 [0x00CECE81+2150017]
	BaseThreadInitThunk [0x7699FA29+25]
	RtlGetAppContainerNamedObjectPath [0x77AF7A9E+286]
	RtlGetAppContainerNamedObjectPath [0x77AF7A6E+238]

	at org.openqa.selenium.remote.W3CHandshakeResponse.lambda$errorHandler$0(W3CHandshakeResponse.java:62)
	at org.openqa.selenium.remote.HandshakeResponse.lambda$getResponseFunction$0(HandshakeResponse.java:30)
	at org.openqa.selenium.remote.ProtocolHandshake.lambda$createSession$0(ProtocolHandshake.java:126)
	at java.base/java.util.stream.ReferencePipeline$3$1.accept(ReferencePipeline.java:197)
	at java.base/java.util.Spliterators$ArraySpliterator.tryAdvance(Spliterators.java:958)
	at java.base/java.util.stream.ReferencePipeline.forEachWithCancel(ReferencePipeline.java:129)
	at java.base/java.util.stream.AbstractPipeline.copyIntoWithCancel(AbstractPipeline.java:502)
	at java.base/java.util.stream.AbstractPipeline.copyInto(AbstractPipeline.java:488)
	at java.base/java.util.stream.AbstractPipeline.wrapAndCopyInto(AbstractPipeline.java:474)
	at java.base/java.util.stream.FindOps$FindOp.evaluateSequential(FindOps.java:150)
	at java.base/java.util.stream.AbstractPipeline.evaluate(AbstractPipeline.java:234)
	at java.base/java.util.stream.ReferencePipeline.findFirst(ReferencePipeline.java:647)
	at org.openqa.selenium.remote.ProtocolHandshake.createSession(ProtocolHandshake.java:128)
	at org.openqa.selenium.remote.ProtocolHandshake.createSession(ProtocolHandshake.java:74)
	at org.openqa.selenium.remote.HttpCommandExecutor.execute(HttpCommandExecutor.java:136)
	at org.openqa.selenium.remote.service.DriverCommandExecutor.execute(DriverCommandExecutor.java:83)
	at org.openqa.selenium.remote.RemoteWebDriver.execute(RemoteWebDriver.java:552)
	at org.openqa.selenium.remote.RemoteWebDriver.startSession(RemoteWebDriver.java:213)
	at org.openqa.selenium.remote.RemoteWebDriver.&lt;init&gt;(RemoteWebDriver.java:131)
	at org.openqa.selenium.chrome.ChromeDriver.&lt;init&gt;(ChromeDriver.java:181)
	at org.openqa.selenium.chrome.ChromeDriver.&lt;init&gt;(ChromeDriver.java:168)
	at org.openqa.selenium.chrome.ChromeDriver.&lt;init&gt;(ChromeDriver.java:157)
	at com.webop.common.BrowsersFactory.startBrowser(BrowsersFactory.java:40)
... Removed 29 stack frames
</div> <!-- stack-trace -->
                </div> <!-- method-content -->
              </div> <!-- method -->
              <div class="method">
                <div class="method-content">
                  <a name="Booked_Job_18">
                  </a> <!-- Booked_Job_18 -->
                  <span class="method-name">Booked_Job_18</span>
                  <div class="stack-trace">org.openqa.selenium.SessionNotCreatedException: session not created: This version of ChromeDriver only supports Chrome version 95
Current browser version is 103.0.5060.66 with binary path C:\Program Files (x86)\Google\Chrome\Application\chrome.exe
Build info: version: &apos;3.141.59&apos;, revision: &apos;e82be7d358&apos;, time: &apos;2018-11-14T08:17:03&apos;
System info: host: &apos;DESKTOP-34EGUV4&apos;, ip: &apos;192.168.10.9&apos;, os.name: &apos;Windows 10&apos;, os.arch: &apos;amd64&apos;, os.version: &apos;10.0&apos;, java.version: &apos;16.0.1&apos;
Driver info: driver.version: ChromeDriver
remote stacktrace: Backtrace:
	Ordinal0 [0x00D40C43+2493507]
	Ordinal0 [0x00CDA4B1+2073777]
	Ordinal0 [0x00BE2608+1058312]
	Ordinal0 [0x00C00771+1181553]
	Ordinal0 [0x00BFC57B+1164667]
	Ordinal0 [0x00BF9DCF+1154511]
	Ordinal0 [0x00C29F0F+1351439]
	Ordinal0 [0x00C29B7A+1350522]
	Ordinal0 [0x00C2580B+1333259]
	Ordinal0 [0x00C02314+1188628]
	Ordinal0 [0x00C0316F+1192303]
	GetHandleVerifier [0x00EC7BF6+1548950]
	GetHandleVerifier [0x00F7461C+2256060]
	GetHandleVerifier [0x00DCC13B+518107]
	GetHandleVerifier [0x00DCB1E0+514176]
	Ordinal0 [0x00CDF53D+2094397]
	Ordinal0 [0x00CE3418+2110488]
	Ordinal0 [0x00CE3552+2110802]
	Ordinal0 [0x00CECE81+2150017]
	BaseThreadInitThunk [0x7699FA29+25]
	RtlGetAppContainerNamedObjectPath [0x77AF7A9E+286]
	RtlGetAppContainerNamedObjectPath [0x77AF7A6E+238]

	at org.openqa.selenium.remote.W3CHandshakeResponse.lambda$errorHandler$0(W3CHandshakeResponse.java:62)
	at org.openqa.selenium.remote.HandshakeResponse.lambda$getResponseFunction$0(HandshakeResponse.java:30)
	at org.openqa.selenium.remote.ProtocolHandshake.lambda$createSession$0(ProtocolHandshake.java:126)
	at java.base/java.util.stream.ReferencePipeline$3$1.accept(ReferencePipeline.java:197)
	at java.base/java.util.Spliterators$ArraySpliterator.tryAdvance(Spliterators.java:958)
	at java.base/java.util.stream.ReferencePipeline.forEachWithCancel(ReferencePipeline.java:129)
	at java.base/java.util.stream.AbstractPipeline.copyIntoWithCancel(AbstractPipeline.java:502)
	at java.base/java.util.stream.AbstractPipeline.copyInto(AbstractPipeline.java:488)
	at java.base/java.util.stream.AbstractPipeline.wrapAndCopyInto(AbstractPipeline.java:474)
	at java.base/java.util.stream.FindOps$FindOp.evaluateSequential(FindOps.java:150)
	at java.base/java.util.stream.AbstractPipeline.evaluate(AbstractPipeline.java:234)
	at java.base/java.util.stream.ReferencePipeline.findFirst(ReferencePipeline.java:647)
	at org.openqa.selenium.remote.ProtocolHandshake.createSession(ProtocolHandshake.java:128)
	at org.openqa.selenium.remote.ProtocolHandshake.createSession(ProtocolHandshake.java:74)
	at org.openqa.selenium.remote.HttpCommandExecutor.execute(HttpCommandExecutor.java:136)
	at org.openqa.selenium.remote.service.DriverCommandExecutor.execute(DriverCommandExecutor.java:83)
	at org.openqa.selenium.remote.RemoteWebDriver.execute(RemoteWebDriver.java:552)
	at org.openqa.selenium.remote.RemoteWebDriver.startSession(RemoteWebDriver.java:213)
	at org.openqa.selenium.remote.RemoteWebDriver.&lt;init&gt;(RemoteWebDriver.java:131)
	at org.openqa.selenium.chrome.ChromeDriver.&lt;init&gt;(ChromeDriver.java:181)
	at org.openqa.selenium.chrome.ChromeDriver.&lt;init&gt;(ChromeDriver.java:168)
	at org.openqa.selenium.chrome.ChromeDriver.&lt;init&gt;(ChromeDriver.java:157)
	at com.webop.common.BrowsersFactory.startBrowser(BrowsersFactory.java:40)
... Removed 29 stack frames
</div> <!-- stack-trace -->
                </div> <!-- method-content -->
              </div> <!-- method -->
              <div class="method">
                <div class="method-content">
                  <a name="Booked_Job_19">
                  </a> <!-- Booked_Job_19 -->
                  <span class="method-name">Booked_Job_19</span>
                  <div class="stack-trace">org.openqa.selenium.SessionNotCreatedException: session not created: This version of ChromeDriver only supports Chrome version 95
Current browser version is 103.0.5060.66 with binary path C:\Program Files (x86)\Google\Chrome\Application\chrome.exe
Build info: version: &apos;3.141.59&apos;, revision: &apos;e82be7d358&apos;, time: &apos;2018-11-14T08:17:03&apos;
System info: host: &apos;DESKTOP-34EGUV4&apos;, ip: &apos;192.168.10.9&apos;, os.name: &apos;Windows 10&apos;, os.arch: &apos;amd64&apos;, os.version: &apos;10.0&apos;, java.version: &apos;16.0.1&apos;
Driver info: driver.version: ChromeDriver
remote stacktrace: Backtrace:
	Ordinal0 [0x00D40C43+2493507]
	Ordinal0 [0x00CDA4B1+2073777]
	Ordinal0 [0x00BE2608+1058312]
	Ordinal0 [0x00C00771+1181553]
	Ordinal0 [0x00BFC57B+1164667]
	Ordinal0 [0x00BF9DCF+1154511]
	Ordinal0 [0x00C29F0F+1351439]
	Ordinal0 [0x00C29B7A+1350522]
	Ordinal0 [0x00C2580B+1333259]
	Ordinal0 [0x00C02314+1188628]
	Ordinal0 [0x00C0316F+1192303]
	GetHandleVerifier [0x00EC7BF6+1548950]
	GetHandleVerifier [0x00F7461C+2256060]
	GetHandleVerifier [0x00DCC13B+518107]
	GetHandleVerifier [0x00DCB1E0+514176]
	Ordinal0 [0x00CDF53D+2094397]
	Ordinal0 [0x00CE3418+2110488]
	Ordinal0 [0x00CE3552+2110802]
	Ordinal0 [0x00CECE81+2150017]
	BaseThreadInitThunk [0x7699FA29+25]
	RtlGetAppContainerNamedObjectPath [0x77AF7A9E+286]
	RtlGetAppContainerNamedObjectPath [0x77AF7A6E+238]

	at org.openqa.selenium.remote.W3CHandshakeResponse.lambda$errorHandler$0(W3CHandshakeResponse.java:62)
	at org.openqa.selenium.remote.HandshakeResponse.lambda$getResponseFunction$0(HandshakeResponse.java:30)
	at org.openqa.selenium.remote.ProtocolHandshake.lambda$createSession$0(ProtocolHandshake.java:126)
	at java.base/java.util.stream.ReferencePipeline$3$1.accept(ReferencePipeline.java:197)
	at java.base/java.util.Spliterators$ArraySpliterator.tryAdvance(Spliterators.java:958)
	at java.base/java.util.stream.ReferencePipeline.forEachWithCancel(ReferencePipeline.java:129)
	at java.base/java.util.stream.AbstractPipeline.copyIntoWithCancel(AbstractPipeline.java:502)
	at java.base/java.util.stream.AbstractPipeline.copyInto(AbstractPipeline.java:488)
	at java.base/java.util.stream.AbstractPipeline.wrapAndCopyInto(AbstractPipeline.java:474)
	at java.base/java.util.stream.FindOps$FindOp.evaluateSequential(FindOps.java:150)
	at java.base/java.util.stream.AbstractPipeline.evaluate(AbstractPipeline.java:234)
	at java.base/java.util.stream.ReferencePipeline.findFirst(ReferencePipeline.java:647)
	at org.openqa.selenium.remote.ProtocolHandshake.createSession(ProtocolHandshake.java:128)
	at org.openqa.selenium.remote.ProtocolHandshake.createSession(ProtocolHandshake.java:74)
	at org.openqa.selenium.remote.HttpCommandExecutor.execute(HttpCommandExecutor.java:136)
	at org.openqa.selenium.remote.service.DriverCommandExecutor.execute(DriverCommandExecutor.java:83)
	at org.openqa.selenium.remote.RemoteWebDriver.execute(RemoteWebDriver.java:552)
	at org.openqa.selenium.remote.RemoteWebDriver.startSession(RemoteWebDriver.java:213)
	at org.openqa.selenium.remote.RemoteWebDriver.&lt;init&gt;(RemoteWebDriver.java:131)
	at org.openqa.selenium.chrome.ChromeDriver.&lt;init&gt;(ChromeDriver.java:181)
	at org.openqa.selenium.chrome.ChromeDriver.&lt;init&gt;(ChromeDriver.java:168)
	at org.openqa.selenium.chrome.ChromeDriver.&lt;init&gt;(ChromeDriver.java:157)
	at com.webop.common.BrowsersFactory.startBrowser(BrowsersFactory.java:40)
... Removed 29 stack frames
</div> <!-- stack-trace -->
                </div> <!-- method-content -->
              </div> <!-- method -->
              <div class="method">
                <div class="method-content">
                  <a name="Booked_Job_2">
                  </a> <!-- Booked_Job_2 -->
                  <span class="method-name">Booked_Job_2</span>
                  <div class="stack-trace">org.openqa.selenium.SessionNotCreatedException: session not created: This version of ChromeDriver only supports Chrome version 95
Current browser version is 103.0.5060.66 with binary path C:\Program Files (x86)\Google\Chrome\Application\chrome.exe
Build info: version: &apos;3.141.59&apos;, revision: &apos;e82be7d358&apos;, time: &apos;2018-11-14T08:17:03&apos;
System info: host: &apos;DESKTOP-34EGUV4&apos;, ip: &apos;192.168.10.9&apos;, os.name: &apos;Windows 10&apos;, os.arch: &apos;amd64&apos;, os.version: &apos;10.0&apos;, java.version: &apos;16.0.1&apos;
Driver info: driver.version: ChromeDriver
remote stacktrace: Backtrace:
	Ordinal0 [0x00D40C43+2493507]
	Ordinal0 [0x00CDA4B1+2073777]
	Ordinal0 [0x00BE2608+1058312]
	Ordinal0 [0x00C00771+1181553]
	Ordinal0 [0x00BFC57B+1164667]
	Ordinal0 [0x00BF9DCF+1154511]
	Ordinal0 [0x00C29F0F+1351439]
	Ordinal0 [0x00C29B7A+1350522]
	Ordinal0 [0x00C2580B+1333259]
	Ordinal0 [0x00C02314+1188628]
	Ordinal0 [0x00C0316F+1192303]
	GetHandleVerifier [0x00EC7BF6+1548950]
	GetHandleVerifier [0x00F7461C+2256060]
	GetHandleVerifier [0x00DCC13B+518107]
	GetHandleVerifier [0x00DCB1E0+514176]
	Ordinal0 [0x00CDF53D+2094397]
	Ordinal0 [0x00CE3418+2110488]
	Ordinal0 [0x00CE3552+2110802]
	Ordinal0 [0x00CECE81+2150017]
	BaseThreadInitThunk [0x7699FA29+25]
	RtlGetAppContainerNamedObjectPath [0x77AF7A9E+286]
	RtlGetAppContainerNamedObjectPath [0x77AF7A6E+238]

	at org.openqa.selenium.remote.W3CHandshakeResponse.lambda$errorHandler$0(W3CHandshakeResponse.java:62)
	at org.openqa.selenium.remote.HandshakeResponse.lambda$getResponseFunction$0(HandshakeResponse.java:30)
	at org.openqa.selenium.remote.ProtocolHandshake.lambda$createSession$0(ProtocolHandshake.java:126)
	at java.base/java.util.stream.ReferencePipeline$3$1.accept(ReferencePipeline.java:197)
	at java.base/java.util.Spliterators$ArraySpliterator.tryAdvance(Spliterators.java:958)
	at java.base/java.util.stream.ReferencePipeline.forEachWithCancel(ReferencePipeline.java:129)
	at java.base/java.util.stream.AbstractPipeline.copyIntoWithCancel(AbstractPipeline.java:502)
	at java.base/java.util.stream.AbstractPipeline.copyInto(AbstractPipeline.java:488)
	at java.base/java.util.stream.AbstractPipeline.wrapAndCopyInto(AbstractPipeline.java:474)
	at java.base/java.util.stream.FindOps$FindOp.evaluateSequential(FindOps.java:150)
	at java.base/java.util.stream.AbstractPipeline.evaluate(AbstractPipeline.java:234)
	at java.base/java.util.stream.ReferencePipeline.findFirst(ReferencePipeline.java:647)
	at org.openqa.selenium.remote.ProtocolHandshake.createSession(ProtocolHandshake.java:128)
	at org.openqa.selenium.remote.ProtocolHandshake.createSession(ProtocolHandshake.java:74)
	at org.openqa.selenium.remote.HttpCommandExecutor.execute(HttpCommandExecutor.java:136)
	at org.openqa.selenium.remote.service.DriverCommandExecutor.execute(DriverCommandExecutor.java:83)
	at org.openqa.selenium.remote.RemoteWebDriver.execute(RemoteWebDriver.java:552)
	at org.openqa.selenium.remote.RemoteWebDriver.startSession(RemoteWebDriver.java:213)
	at org.openqa.selenium.remote.RemoteWebDriver.&lt;init&gt;(RemoteWebDriver.java:131)
	at org.openqa.selenium.chrome.ChromeDriver.&lt;init&gt;(ChromeDriver.java:181)
	at org.openqa.selenium.chrome.ChromeDriver.&lt;init&gt;(ChromeDriver.java:168)
	at org.openqa.selenium.chrome.ChromeDriver.&lt;init&gt;(ChromeDriver.java:157)
	at com.webop.common.BrowsersFactory.startBrowser(BrowsersFactory.java:40)
... Removed 29 stack frames
</div> <!-- stack-trace -->
                </div> <!-- method-content -->
              </div> <!-- method -->
              <div class="method">
                <div class="method-content">
                  <a name="Booked_Job_20">
                  </a> <!-- Booked_Job_20 -->
                  <span class="method-name">Booked_Job_20</span>
                  <div class="stack-trace">org.openqa.selenium.SessionNotCreatedException: session not created: This version of ChromeDriver only supports Chrome version 95
Current browser version is 103.0.5060.66 with binary path C:\Program Files (x86)\Google\Chrome\Application\chrome.exe
Build info: version: &apos;3.141.59&apos;, revision: &apos;e82be7d358&apos;, time: &apos;2018-11-14T08:17:03&apos;
System info: host: &apos;DESKTOP-34EGUV4&apos;, ip: &apos;192.168.10.9&apos;, os.name: &apos;Windows 10&apos;, os.arch: &apos;amd64&apos;, os.version: &apos;10.0&apos;, java.version: &apos;16.0.1&apos;
Driver info: driver.version: ChromeDriver
remote stacktrace: Backtrace:
	Ordinal0 [0x00D40C43+2493507]
	Ordinal0 [0x00CDA4B1+2073777]
	Ordinal0 [0x00BE2608+1058312]
	Ordinal0 [0x00C00771+1181553]
	Ordinal0 [0x00BFC57B+1164667]
	Ordinal0 [0x00BF9DCF+1154511]
	Ordinal0 [0x00C29F0F+1351439]
	Ordinal0 [0x00C29B7A+1350522]
	Ordinal0 [0x00C2580B+1333259]
	Ordinal0 [0x00C02314+1188628]
	Ordinal0 [0x00C0316F+1192303]
	GetHandleVerifier [0x00EC7BF6+1548950]
	GetHandleVerifier [0x00F7461C+2256060]
	GetHandleVerifier [0x00DCC13B+518107]
	GetHandleVerifier [0x00DCB1E0+514176]
	Ordinal0 [0x00CDF53D+2094397]
	Ordinal0 [0x00CE3418+2110488]
	Ordinal0 [0x00CE3552+2110802]
	Ordinal0 [0x00CECE81+2150017]
	BaseThreadInitThunk [0x7699FA29+25]
	RtlGetAppContainerNamedObjectPath [0x77AF7A9E+286]
	RtlGetAppContainerNamedObjectPath [0x77AF7A6E+238]

	at org.openqa.selenium.remote.W3CHandshakeResponse.lambda$errorHandler$0(W3CHandshakeResponse.java:62)
	at org.openqa.selenium.remote.HandshakeResponse.lambda$getResponseFunction$0(HandshakeResponse.java:30)
	at org.openqa.selenium.remote.ProtocolHandshake.lambda$createSession$0(ProtocolHandshake.java:126)
	at java.base/java.util.stream.ReferencePipeline$3$1.accept(ReferencePipeline.java:197)
	at java.base/java.util.Spliterators$ArraySpliterator.tryAdvance(Spliterators.java:958)
	at java.base/java.util.stream.ReferencePipeline.forEachWithCancel(ReferencePipeline.java:129)
	at java.base/java.util.stream.AbstractPipeline.copyIntoWithCancel(AbstractPipeline.java:502)
	at java.base/java.util.stream.AbstractPipeline.copyInto(AbstractPipeline.java:488)
	at java.base/java.util.stream.AbstractPipeline.wrapAndCopyInto(AbstractPipeline.java:474)
	at java.base/java.util.stream.FindOps$FindOp.evaluateSequential(FindOps.java:150)
	at java.base/java.util.stream.AbstractPipeline.evaluate(AbstractPipeline.java:234)
	at java.base/java.util.stream.ReferencePipeline.findFirst(ReferencePipeline.java:647)
	at org.openqa.selenium.remote.ProtocolHandshake.createSession(ProtocolHandshake.java:128)
	at org.openqa.selenium.remote.ProtocolHandshake.createSession(ProtocolHandshake.java:74)
	at org.openqa.selenium.remote.HttpCommandExecutor.execute(HttpCommandExecutor.java:136)
	at org.openqa.selenium.remote.service.DriverCommandExecutor.execute(DriverCommandExecutor.java:83)
	at org.openqa.selenium.remote.RemoteWebDriver.execute(RemoteWebDriver.java:552)
	at org.openqa.selenium.remote.RemoteWebDriver.startSession(RemoteWebDriver.java:213)
	at org.openqa.selenium.remote.RemoteWebDriver.&lt;init&gt;(RemoteWebDriver.java:131)
	at org.openqa.selenium.chrome.ChromeDriver.&lt;init&gt;(ChromeDriver.java:181)
	at org.openqa.selenium.chrome.ChromeDriver.&lt;init&gt;(ChromeDriver.java:168)
	at org.openqa.selenium.chrome.ChromeDriver.&lt;init&gt;(ChromeDriver.java:157)
	at com.webop.common.BrowsersFactory.startBrowser(BrowsersFactory.java:40)
... Removed 29 stack frames
</div> <!-- stack-trace -->
                </div> <!-- method-content -->
              </div> <!-- method -->
              <div class="method">
                <div class="method-content">
                  <a name="Booked_Job_3">
                  </a> <!-- Booked_Job_3 -->
                  <span class="method-name">Booked_Job_3</span>
                  <div class="stack-trace">org.openqa.selenium.SessionNotCreatedException: session not created: This version of ChromeDriver only supports Chrome version 95
Current browser version is 103.0.5060.66 with binary path C:\Program Files (x86)\Google\Chrome\Application\chrome.exe
Build info: version: &apos;3.141.59&apos;, revision: &apos;e82be7d358&apos;, time: &apos;2018-11-14T08:17:03&apos;
System info: host: &apos;DESKTOP-34EGUV4&apos;, ip: &apos;192.168.10.9&apos;, os.name: &apos;Windows 10&apos;, os.arch: &apos;amd64&apos;, os.version: &apos;10.0&apos;, java.version: &apos;16.0.1&apos;
Driver info: driver.version: ChromeDriver
remote stacktrace: Backtrace:
	Ordinal0 [0x00D40C43+2493507]
	Ordinal0 [0x00CDA4B1+2073777]
	Ordinal0 [0x00BE2608+1058312]
	Ordinal0 [0x00C00771+1181553]
	Ordinal0 [0x00BFC57B+1164667]
	Ordinal0 [0x00BF9DCF+1154511]
	Ordinal0 [0x00C29F0F+1351439]
	Ordinal0 [0x00C29B7A+1350522]
	Ordinal0 [0x00C2580B+1333259]
	Ordinal0 [0x00C02314+1188628]
	Ordinal0 [0x00C0316F+1192303]
	GetHandleVerifier [0x00EC7BF6+1548950]
	GetHandleVerifier [0x00F7461C+2256060]
	GetHandleVerifier [0x00DCC13B+518107]
	GetHandleVerifier [0x00DCB1E0+514176]
	Ordinal0 [0x00CDF53D+2094397]
	Ordinal0 [0x00CE3418+2110488]
	Ordinal0 [0x00CE3552+2110802]
	Ordinal0 [0x00CECE81+2150017]
	BaseThreadInitThunk [0x7699FA29+25]
	RtlGetAppContainerNamedObjectPath [0x77AF7A9E+286]
	RtlGetAppContainerNamedObjectPath [0x77AF7A6E+238]

	at org.openqa.selenium.remote.W3CHandshakeResponse.lambda$errorHandler$0(W3CHandshakeResponse.java:62)
	at org.openqa.selenium.remote.HandshakeResponse.lambda$getResponseFunction$0(HandshakeResponse.java:30)
	at org.openqa.selenium.remote.ProtocolHandshake.lambda$createSession$0(ProtocolHandshake.java:126)
	at java.base/java.util.stream.ReferencePipeline$3$1.accept(ReferencePipeline.java:197)
	at java.base/java.util.Spliterators$ArraySpliterator.tryAdvance(Spliterators.java:958)
	at java.base/java.util.stream.ReferencePipeline.forEachWithCancel(ReferencePipeline.java:129)
	at java.base/java.util.stream.AbstractPipeline.copyIntoWithCancel(AbstractPipeline.java:502)
	at java.base/java.util.stream.AbstractPipeline.copyInto(AbstractPipeline.java:488)
	at java.base/java.util.stream.AbstractPipeline.wrapAndCopyInto(AbstractPipeline.java:474)
	at java.base/java.util.stream.FindOps$FindOp.evaluateSequential(FindOps.java:150)
	at java.base/java.util.stream.AbstractPipeline.evaluate(AbstractPipeline.java:234)
	at java.base/java.util.stream.ReferencePipeline.findFirst(ReferencePipeline.java:647)
	at org.openqa.selenium.remote.ProtocolHandshake.createSession(ProtocolHandshake.java:128)
	at org.openqa.selenium.remote.ProtocolHandshake.createSession(ProtocolHandshake.java:74)
	at org.openqa.selenium.remote.HttpCommandExecutor.execute(HttpCommandExecutor.java:136)
	at org.openqa.selenium.remote.service.DriverCommandExecutor.execute(DriverCommandExecutor.java:83)
	at org.openqa.selenium.remote.RemoteWebDriver.execute(RemoteWebDriver.java:552)
	at org.openqa.selenium.remote.RemoteWebDriver.startSession(RemoteWebDriver.java:213)
	at org.openqa.selenium.remote.RemoteWebDriver.&lt;init&gt;(RemoteWebDriver.java:131)
	at org.openqa.selenium.chrome.ChromeDriver.&lt;init&gt;(ChromeDriver.java:181)
	at org.openqa.selenium.chrome.ChromeDriver.&lt;init&gt;(ChromeDriver.java:168)
	at org.openqa.selenium.chrome.ChromeDriver.&lt;init&gt;(ChromeDriver.java:157)
	at com.webop.common.BrowsersFactory.startBrowser(BrowsersFactory.java:40)
... Removed 29 stack frames
</div> <!-- stack-trace -->
                </div> <!-- method-content -->
              </div> <!-- method -->
              <div class="method">
                <div class="method-content">
                  <a name="Booked_Job_4">
                  </a> <!-- Booked_Job_4 -->
                  <span class="method-name">Booked_Job_4</span>
                  <div class="stack-trace">org.openqa.selenium.SessionNotCreatedException: session not created: This version of ChromeDriver only supports Chrome version 95
Current browser version is 103.0.5060.66 with binary path C:\Program Files (x86)\Google\Chrome\Application\chrome.exe
Build info: version: &apos;3.141.59&apos;, revision: &apos;e82be7d358&apos;, time: &apos;2018-11-14T08:17:03&apos;
System info: host: &apos;DESKTOP-34EGUV4&apos;, ip: &apos;192.168.10.9&apos;, os.name: &apos;Windows 10&apos;, os.arch: &apos;amd64&apos;, os.version: &apos;10.0&apos;, java.version: &apos;16.0.1&apos;
Driver info: driver.version: ChromeDriver
remote stacktrace: Backtrace:
	Ordinal0 [0x00D40C43+2493507]
	Ordinal0 [0x00CDA4B1+2073777]
	Ordinal0 [0x00BE2608+1058312]
	Ordinal0 [0x00C00771+1181553]
	Ordinal0 [0x00BFC57B+1164667]
	Ordinal0 [0x00BF9DCF+1154511]
	Ordinal0 [0x00C29F0F+1351439]
	Ordinal0 [0x00C29B7A+1350522]
	Ordinal0 [0x00C2580B+1333259]
	Ordinal0 [0x00C02314+1188628]
	Ordinal0 [0x00C0316F+1192303]
	GetHandleVerifier [0x00EC7BF6+1548950]
	GetHandleVerifier [0x00F7461C+2256060]
	GetHandleVerifier [0x00DCC13B+518107]
	GetHandleVerifier [0x00DCB1E0+514176]
	Ordinal0 [0x00CDF53D+2094397]
	Ordinal0 [0x00CE3418+2110488]
	Ordinal0 [0x00CE3552+2110802]
	Ordinal0 [0x00CECE81+2150017]
	BaseThreadInitThunk [0x7699FA29+25]
	RtlGetAppContainerNamedObjectPath [0x77AF7A9E+286]
	RtlGetAppContainerNamedObjectPath [0x77AF7A6E+238]

	at org.openqa.selenium.remote.W3CHandshakeResponse.lambda$errorHandler$0(W3CHandshakeResponse.java:62)
	at org.openqa.selenium.remote.HandshakeResponse.lambda$getResponseFunction$0(HandshakeResponse.java:30)
	at org.openqa.selenium.remote.ProtocolHandshake.lambda$createSession$0(ProtocolHandshake.java:126)
	at java.base/java.util.stream.ReferencePipeline$3$1.accept(ReferencePipeline.java:197)
	at java.base/java.util.Spliterators$ArraySpliterator.tryAdvance(Spliterators.java:958)
	at java.base/java.util.stream.ReferencePipeline.forEachWithCancel(ReferencePipeline.java:129)
	at java.base/java.util.stream.AbstractPipeline.copyIntoWithCancel(AbstractPipeline.java:502)
	at java.base/java.util.stream.AbstractPipeline.copyInto(AbstractPipeline.java:488)
	at java.base/java.util.stream.AbstractPipeline.wrapAndCopyInto(AbstractPipeline.java:474)
	at java.base/java.util.stream.FindOps$FindOp.evaluateSequential(FindOps.java:150)
	at java.base/java.util.stream.AbstractPipeline.evaluate(AbstractPipeline.java:234)
	at java.base/java.util.stream.ReferencePipeline.findFirst(ReferencePipeline.java:647)
	at org.openqa.selenium.remote.ProtocolHandshake.createSession(ProtocolHandshake.java:128)
	at org.openqa.selenium.remote.ProtocolHandshake.createSession(ProtocolHandshake.java:74)
	at org.openqa.selenium.remote.HttpCommandExecutor.execute(HttpCommandExecutor.java:136)
	at org.openqa.selenium.remote.service.DriverCommandExecutor.execute(DriverCommandExecutor.java:83)
	at org.openqa.selenium.remote.RemoteWebDriver.execute(RemoteWebDriver.java:552)
	at org.openqa.selenium.remote.RemoteWebDriver.startSession(RemoteWebDriver.java:213)
	at org.openqa.selenium.remote.RemoteWebDriver.&lt;init&gt;(RemoteWebDriver.java:131)
	at org.openqa.selenium.chrome.ChromeDriver.&lt;init&gt;(ChromeDriver.java:181)
	at org.openqa.selenium.chrome.ChromeDriver.&lt;init&gt;(ChromeDriver.java:168)
	at org.openqa.selenium.chrome.ChromeDriver.&lt;init&gt;(ChromeDriver.java:157)
	at com.webop.common.BrowsersFactory.startBrowser(BrowsersFactory.java:40)
... Removed 29 stack frames
</div> <!-- stack-trace -->
                </div> <!-- method-content -->
              </div> <!-- method -->
              <div class="method">
                <div class="method-content">
                  <a name="Booked_Job_5">
                  </a> <!-- Booked_Job_5 -->
                  <span class="method-name">Booked_Job_5</span>
                  <div class="stack-trace">org.openqa.selenium.SessionNotCreatedException: session not created: This version of ChromeDriver only supports Chrome version 95
Current browser version is 103.0.5060.66 with binary path C:\Program Files (x86)\Google\Chrome\Application\chrome.exe
Build info: version: &apos;3.141.59&apos;, revision: &apos;e82be7d358&apos;, time: &apos;2018-11-14T08:17:03&apos;
System info: host: &apos;DESKTOP-34EGUV4&apos;, ip: &apos;192.168.10.9&apos;, os.name: &apos;Windows 10&apos;, os.arch: &apos;amd64&apos;, os.version: &apos;10.0&apos;, java.version: &apos;16.0.1&apos;
Driver info: driver.version: ChromeDriver
remote stacktrace: Backtrace:
	Ordinal0 [0x00D40C43+2493507]
	Ordinal0 [0x00CDA4B1+2073777]
	Ordinal0 [0x00BE2608+1058312]
	Ordinal0 [0x00C00771+1181553]
	Ordinal0 [0x00BFC57B+1164667]
	Ordinal0 [0x00BF9DCF+1154511]
	Ordinal0 [0x00C29F0F+1351439]
	Ordinal0 [0x00C29B7A+1350522]
	Ordinal0 [0x00C2580B+1333259]
	Ordinal0 [0x00C02314+1188628]
	Ordinal0 [0x00C0316F+1192303]
	GetHandleVerifier [0x00EC7BF6+1548950]
	GetHandleVerifier [0x00F7461C+2256060]
	GetHandleVerifier [0x00DCC13B+518107]
	GetHandleVerifier [0x00DCB1E0+514176]
	Ordinal0 [0x00CDF53D+2094397]
	Ordinal0 [0x00CE3418+2110488]
	Ordinal0 [0x00CE3552+2110802]
	Ordinal0 [0x00CECE81+2150017]
	BaseThreadInitThunk [0x7699FA29+25]
	RtlGetAppContainerNamedObjectPath [0x77AF7A9E+286]
	RtlGetAppContainerNamedObjectPath [0x77AF7A6E+238]

	at org.openqa.selenium.remote.W3CHandshakeResponse.lambda$errorHandler$0(W3CHandshakeResponse.java:62)
	at org.openqa.selenium.remote.HandshakeResponse.lambda$getResponseFunction$0(HandshakeResponse.java:30)
	at org.openqa.selenium.remote.ProtocolHandshake.lambda$createSession$0(ProtocolHandshake.java:126)
	at java.base/java.util.stream.ReferencePipeline$3$1.accept(ReferencePipeline.java:197)
	at java.base/java.util.Spliterators$ArraySpliterator.tryAdvance(Spliterators.java:958)
	at java.base/java.util.stream.ReferencePipeline.forEachWithCancel(ReferencePipeline.java:129)
	at java.base/java.util.stream.AbstractPipeline.copyIntoWithCancel(AbstractPipeline.java:502)
	at java.base/java.util.stream.AbstractPipeline.copyInto(AbstractPipeline.java:488)
	at java.base/java.util.stream.AbstractPipeline.wrapAndCopyInto(AbstractPipeline.java:474)
	at java.base/java.util.stream.FindOps$FindOp.evaluateSequential(FindOps.java:150)
	at java.base/java.util.stream.AbstractPipeline.evaluate(AbstractPipeline.java:234)
	at java.base/java.util.stream.ReferencePipeline.findFirst(ReferencePipeline.java:647)
	at org.openqa.selenium.remote.ProtocolHandshake.createSession(ProtocolHandshake.java:128)
	at org.openqa.selenium.remote.ProtocolHandshake.createSession(ProtocolHandshake.java:74)
	at org.openqa.selenium.remote.HttpCommandExecutor.execute(HttpCommandExecutor.java:136)
	at org.openqa.selenium.remote.service.DriverCommandExecutor.execute(DriverCommandExecutor.java:83)
	at org.openqa.selenium.remote.RemoteWebDriver.execute(RemoteWebDriver.java:552)
	at org.openqa.selenium.remote.RemoteWebDriver.startSession(RemoteWebDriver.java:213)
	at org.openqa.selenium.remote.RemoteWebDriver.&lt;init&gt;(RemoteWebDriver.java:131)
	at org.openqa.selenium.chrome.ChromeDriver.&lt;init&gt;(ChromeDriver.java:181)
	at org.openqa.selenium.chrome.ChromeDriver.&lt;init&gt;(ChromeDriver.java:168)
	at org.openqa.selenium.chrome.ChromeDriver.&lt;init&gt;(ChromeDriver.java:157)
	at com.webop.common.BrowsersFactory.startBrowser(BrowsersFactory.java:40)
... Removed 29 stack frames
</div> <!-- stack-trace -->
                </div> <!-- method-content -->
              </div> <!-- method -->
              <div class="method">
                <div class="method-content">
                  <a name="Booked_Job_6">
                  </a> <!-- Booked_Job_6 -->
                  <span class="method-name">Booked_Job_6</span>
                  <div class="stack-trace">org.openqa.selenium.SessionNotCreatedException: session not created: This version of ChromeDriver only supports Chrome version 95
Current browser version is 103.0.5060.66 with binary path C:\Program Files (x86)\Google\Chrome\Application\chrome.exe
Build info: version: &apos;3.141.59&apos;, revision: &apos;e82be7d358&apos;, time: &apos;2018-11-14T08:17:03&apos;
System info: host: &apos;DESKTOP-34EGUV4&apos;, ip: &apos;192.168.10.9&apos;, os.name: &apos;Windows 10&apos;, os.arch: &apos;amd64&apos;, os.version: &apos;10.0&apos;, java.version: &apos;16.0.1&apos;
Driver info: driver.version: ChromeDriver
remote stacktrace: Backtrace:
	Ordinal0 [0x00D40C43+2493507]
	Ordinal0 [0x00CDA4B1+2073777]
	Ordinal0 [0x00BE2608+1058312]
	Ordinal0 [0x00C00771+1181553]
	Ordinal0 [0x00BFC57B+1164667]
	Ordinal0 [0x00BF9DCF+1154511]
	Ordinal0 [0x00C29F0F+1351439]
	Ordinal0 [0x00C29B7A+1350522]
	Ordinal0 [0x00C2580B+1333259]
	Ordinal0 [0x00C02314+1188628]
	Ordinal0 [0x00C0316F+1192303]
	GetHandleVerifier [0x00EC7BF6+1548950]
	GetHandleVerifier [0x00F7461C+2256060]
	GetHandleVerifier [0x00DCC13B+518107]
	GetHandleVerifier [0x00DCB1E0+514176]
	Ordinal0 [0x00CDF53D+2094397]
	Ordinal0 [0x00CE3418+2110488]
	Ordinal0 [0x00CE3552+2110802]
	Ordinal0 [0x00CECE81+2150017]
	BaseThreadInitThunk [0x7699FA29+25]
	RtlGetAppContainerNamedObjectPath [0x77AF7A9E+286]
	RtlGetAppContainerNamedObjectPath [0x77AF7A6E+238]

	at org.openqa.selenium.remote.W3CHandshakeResponse.lambda$errorHandler$0(W3CHandshakeResponse.java:62)
	at org.openqa.selenium.remote.HandshakeResponse.lambda$getResponseFunction$0(HandshakeResponse.java:30)
	at org.openqa.selenium.remote.ProtocolHandshake.lambda$createSession$0(ProtocolHandshake.java:126)
	at java.base/java.util.stream.ReferencePipeline$3$1.accept(ReferencePipeline.java:197)
	at java.base/java.util.Spliterators$ArraySpliterator.tryAdvance(Spliterators.java:958)
	at java.base/java.util.stream.ReferencePipeline.forEachWithCancel(ReferencePipeline.java:129)
	at java.base/java.util.stream.AbstractPipeline.copyIntoWithCancel(AbstractPipeline.java:502)
	at java.base/java.util.stream.AbstractPipeline.copyInto(AbstractPipeline.java:488)
	at java.base/java.util.stream.AbstractPipeline.wrapAndCopyInto(AbstractPipeline.java:474)
	at java.base/java.util.stream.FindOps$FindOp.evaluateSequential(FindOps.java:150)
	at java.base/java.util.stream.AbstractPipeline.evaluate(AbstractPipeline.java:234)
	at java.base/java.util.stream.ReferencePipeline.findFirst(ReferencePipeline.java:647)
	at org.openqa.selenium.remote.ProtocolHandshake.createSession(ProtocolHandshake.java:128)
	at org.openqa.selenium.remote.ProtocolHandshake.createSession(ProtocolHandshake.java:74)
	at org.openqa.selenium.remote.HttpCommandExecutor.execute(HttpCommandExecutor.java:136)
	at org.openqa.selenium.remote.service.DriverCommandExecutor.execute(DriverCommandExecutor.java:83)
	at org.openqa.selenium.remote.RemoteWebDriver.execute(RemoteWebDriver.java:552)
	at org.openqa.selenium.remote.RemoteWebDriver.startSession(RemoteWebDriver.java:213)
	at org.openqa.selenium.remote.RemoteWebDriver.&lt;init&gt;(RemoteWebDriver.java:131)
	at org.openqa.selenium.chrome.ChromeDriver.&lt;init&gt;(ChromeDriver.java:181)
	at org.openqa.selenium.chrome.ChromeDriver.&lt;init&gt;(ChromeDriver.java:168)
	at org.openqa.selenium.chrome.ChromeDriver.&lt;init&gt;(ChromeDriver.java:157)
	at com.webop.common.BrowsersFactory.startBrowser(BrowsersFactory.java:40)
... Removed 29 stack frames
</div> <!-- stack-trace -->
                </div> <!-- method-content -->
              </div> <!-- method -->
              <div class="method">
                <div class="method-content">
                  <a name="Booked_Job_7">
                  </a> <!-- Booked_Job_7 -->
                  <span class="method-name">Booked_Job_7</span>
                  <div class="stack-trace">org.openqa.selenium.SessionNotCreatedException: session not created: This version of ChromeDriver only supports Chrome version 95
Current browser version is 103.0.5060.66 with binary path C:\Program Files (x86)\Google\Chrome\Application\chrome.exe
Build info: version: &apos;3.141.59&apos;, revision: &apos;e82be7d358&apos;, time: &apos;2018-11-14T08:17:03&apos;
System info: host: &apos;DESKTOP-34EGUV4&apos;, ip: &apos;192.168.10.9&apos;, os.name: &apos;Windows 10&apos;, os.arch: &apos;amd64&apos;, os.version: &apos;10.0&apos;, java.version: &apos;16.0.1&apos;
Driver info: driver.version: ChromeDriver
remote stacktrace: Backtrace:
	Ordinal0 [0x00D40C43+2493507]
	Ordinal0 [0x00CDA4B1+2073777]
	Ordinal0 [0x00BE2608+1058312]
	Ordinal0 [0x00C00771+1181553]
	Ordinal0 [0x00BFC57B+1164667]
	Ordinal0 [0x00BF9DCF+1154511]
	Ordinal0 [0x00C29F0F+1351439]
	Ordinal0 [0x00C29B7A+1350522]
	Ordinal0 [0x00C2580B+1333259]
	Ordinal0 [0x00C02314+1188628]
	Ordinal0 [0x00C0316F+1192303]
	GetHandleVerifier [0x00EC7BF6+1548950]
	GetHandleVerifier [0x00F7461C+2256060]
	GetHandleVerifier [0x00DCC13B+518107]
	GetHandleVerifier [0x00DCB1E0+514176]
	Ordinal0 [0x00CDF53D+2094397]
	Ordinal0 [0x00CE3418+2110488]
	Ordinal0 [0x00CE3552+2110802]
	Ordinal0 [0x00CECE81+2150017]
	BaseThreadInitThunk [0x7699FA29+25]
	RtlGetAppContainerNamedObjectPath [0x77AF7A9E+286]
	RtlGetAppContainerNamedObjectPath [0x77AF7A6E+238]

	at org.openqa.selenium.remote.W3CHandshakeResponse.lambda$errorHandler$0(W3CHandshakeResponse.java:62)
	at org.openqa.selenium.remote.HandshakeResponse.lambda$getResponseFunction$0(HandshakeResponse.java:30)
	at org.openqa.selenium.remote.ProtocolHandshake.lambda$createSession$0(ProtocolHandshake.java:126)
	at java.base/java.util.stream.ReferencePipeline$3$1.accept(ReferencePipeline.java:197)
	at java.base/java.util.Spliterators$ArraySpliterator.tryAdvance(Spliterators.java:958)
	at java.base/java.util.stream.ReferencePipeline.forEachWithCancel(ReferencePipeline.java:129)
	at java.base/java.util.stream.AbstractPipeline.copyIntoWithCancel(AbstractPipeline.java:502)
	at java.base/java.util.stream.AbstractPipeline.copyInto(AbstractPipeline.java:488)
	at java.base/java.util.stream.AbstractPipeline.wrapAndCopyInto(AbstractPipeline.java:474)
	at java.base/java.util.stream.FindOps$FindOp.evaluateSequential(FindOps.java:150)
	at java.base/java.util.stream.AbstractPipeline.evaluate(AbstractPipeline.java:234)
	at java.base/java.util.stream.ReferencePipeline.findFirst(ReferencePipeline.java:647)
	at org.openqa.selenium.remote.ProtocolHandshake.createSession(ProtocolHandshake.java:128)
	at org.openqa.selenium.remote.ProtocolHandshake.createSession(ProtocolHandshake.java:74)
	at org.openqa.selenium.remote.HttpCommandExecutor.execute(HttpCommandExecutor.java:136)
	at org.openqa.selenium.remote.service.DriverCommandExecutor.execute(DriverCommandExecutor.java:83)
	at org.openqa.selenium.remote.RemoteWebDriver.execute(RemoteWebDriver.java:552)
	at org.openqa.selenium.remote.RemoteWebDriver.startSession(RemoteWebDriver.java:213)
	at org.openqa.selenium.remote.RemoteWebDriver.&lt;init&gt;(RemoteWebDriver.java:131)
	at org.openqa.selenium.chrome.ChromeDriver.&lt;init&gt;(ChromeDriver.java:181)
	at org.openqa.selenium.chrome.ChromeDriver.&lt;init&gt;(ChromeDriver.java:168)
	at org.openqa.selenium.chrome.ChromeDriver.&lt;init&gt;(ChromeDriver.java:157)
	at com.webop.common.BrowsersFactory.startBrowser(BrowsersFactory.java:40)
... Removed 29 stack frames
</div> <!-- stack-trace -->
                </div> <!-- method-content -->
              </div> <!-- method -->
              <div class="method">
                <div class="method-content">
                  <a name="Booked_Job_8">
                  </a> <!-- Booked_Job_8 -->
                  <span class="method-name">Booked_Job_8</span>
                  <div class="stack-trace">org.openqa.selenium.SessionNotCreatedException: session not created: This version of ChromeDriver only supports Chrome version 95
Current browser version is 103.0.5060.66 with binary path C:\Program Files (x86)\Google\Chrome\Application\chrome.exe
Build info: version: &apos;3.141.59&apos;, revision: &apos;e82be7d358&apos;, time: &apos;2018-11-14T08:17:03&apos;
System info: host: &apos;DESKTOP-34EGUV4&apos;, ip: &apos;192.168.10.9&apos;, os.name: &apos;Windows 10&apos;, os.arch: &apos;amd64&apos;, os.version: &apos;10.0&apos;, java.version: &apos;16.0.1&apos;
Driver info: driver.version: ChromeDriver
remote stacktrace: Backtrace:
	Ordinal0 [0x00D40C43+2493507]
	Ordinal0 [0x00CDA4B1+2073777]
	Ordinal0 [0x00BE2608+1058312]
	Ordinal0 [0x00C00771+1181553]
	Ordinal0 [0x00BFC57B+1164667]
	Ordinal0 [0x00BF9DCF+1154511]
	Ordinal0 [0x00C29F0F+1351439]
	Ordinal0 [0x00C29B7A+1350522]
	Ordinal0 [0x00C2580B+1333259]
	Ordinal0 [0x00C02314+1188628]
	Ordinal0 [0x00C0316F+1192303]
	GetHandleVerifier [0x00EC7BF6+1548950]
	GetHandleVerifier [0x00F7461C+2256060]
	GetHandleVerifier [0x00DCC13B+518107]
	GetHandleVerifier [0x00DCB1E0+514176]
	Ordinal0 [0x00CDF53D+2094397]
	Ordinal0 [0x00CE3418+2110488]
	Ordinal0 [0x00CE3552+2110802]
	Ordinal0 [0x00CECE81+2150017]
	BaseThreadInitThunk [0x7699FA29+25]
	RtlGetAppContainerNamedObjectPath [0x77AF7A9E+286]
	RtlGetAppContainerNamedObjectPath [0x77AF7A6E+238]

	at org.openqa.selenium.remote.W3CHandshakeResponse.lambda$errorHandler$0(W3CHandshakeResponse.java:62)
	at org.openqa.selenium.remote.HandshakeResponse.lambda$getResponseFunction$0(HandshakeResponse.java:30)
	at org.openqa.selenium.remote.ProtocolHandshake.lambda$createSession$0(ProtocolHandshake.java:126)
	at java.base/java.util.stream.ReferencePipeline$3$1.accept(ReferencePipeline.java:197)
	at java.base/java.util.Spliterators$ArraySpliterator.tryAdvance(Spliterators.java:958)
	at java.base/java.util.stream.ReferencePipeline.forEachWithCancel(ReferencePipeline.java:129)
	at java.base/java.util.stream.AbstractPipeline.copyIntoWithCancel(AbstractPipeline.java:502)
	at java.base/java.util.stream.AbstractPipeline.copyInto(AbstractPipeline.java:488)
	at java.base/java.util.stream.AbstractPipeline.wrapAndCopyInto(AbstractPipeline.java:474)
	at java.base/java.util.stream.FindOps$FindOp.evaluateSequential(FindOps.java:150)
	at java.base/java.util.stream.AbstractPipeline.evaluate(AbstractPipeline.java:234)
	at java.base/java.util.stream.ReferencePipeline.findFirst(ReferencePipeline.java:647)
	at org.openqa.selenium.remote.ProtocolHandshake.createSession(ProtocolHandshake.java:128)
	at org.openqa.selenium.remote.ProtocolHandshake.createSession(ProtocolHandshake.java:74)
	at org.openqa.selenium.remote.HttpCommandExecutor.execute(HttpCommandExecutor.java:136)
	at org.openqa.selenium.remote.service.DriverCommandExecutor.execute(DriverCommandExecutor.java:83)
	at org.openqa.selenium.remote.RemoteWebDriver.execute(RemoteWebDriver.java:552)
	at org.openqa.selenium.remote.RemoteWebDriver.startSession(RemoteWebDriver.java:213)
	at org.openqa.selenium.remote.RemoteWebDriver.&lt;init&gt;(RemoteWebDriver.java:131)
	at org.openqa.selenium.chrome.ChromeDriver.&lt;init&gt;(ChromeDriver.java:181)
	at org.openqa.selenium.chrome.ChromeDriver.&lt;init&gt;(ChromeDriver.java:168)
	at org.openqa.selenium.chrome.ChromeDriver.&lt;init&gt;(ChromeDriver.java:157)
	at com.webop.common.BrowsersFactory.startBrowser(BrowsersFactory.java:40)
... Removed 29 stack frames
</div> <!-- stack-trace -->
                </div> <!-- method-content -->
              </div> <!-- method -->
              <div class="method">
                <div class="method-content">
                  <a name="Booked_Job_9">
                  </a> <!-- Booked_Job_9 -->
                  <span class="method-name">Booked_Job_9</span>
                  <div class="stack-trace">org.openqa.selenium.SessionNotCreatedException: session not created: This version of ChromeDriver only supports Chrome version 95
Current browser version is 103.0.5060.66 with binary path C:\Program Files (x86)\Google\Chrome\Application\chrome.exe
Build info: version: &apos;3.141.59&apos;, revision: &apos;e82be7d358&apos;, time: &apos;2018-11-14T08:17:03&apos;
System info: host: &apos;DESKTOP-34EGUV4&apos;, ip: &apos;192.168.10.9&apos;, os.name: &apos;Windows 10&apos;, os.arch: &apos;amd64&apos;, os.version: &apos;10.0&apos;, java.version: &apos;16.0.1&apos;
Driver info: driver.version: ChromeDriver
remote stacktrace: Backtrace:
	Ordinal0 [0x00D40C43+2493507]
	Ordinal0 [0x00CDA4B1+2073777]
	Ordinal0 [0x00BE2608+1058312]
	Ordinal0 [0x00C00771+1181553]
	Ordinal0 [0x00BFC57B+1164667]
	Ordinal0 [0x00BF9DCF+1154511]
	Ordinal0 [0x00C29F0F+1351439]
	Ordinal0 [0x00C29B7A+1350522]
	Ordinal0 [0x00C2580B+1333259]
	Ordinal0 [0x00C02314+1188628]
	Ordinal0 [0x00C0316F+1192303]
	GetHandleVerifier [0x00EC7BF6+1548950]
	GetHandleVerifier [0x00F7461C+2256060]
	GetHandleVerifier [0x00DCC13B+518107]
	GetHandleVerifier [0x00DCB1E0+514176]
	Ordinal0 [0x00CDF53D+2094397]
	Ordinal0 [0x00CE3418+2110488]
	Ordinal0 [0x00CE3552+2110802]
	Ordinal0 [0x00CECE81+2150017]
	BaseThreadInitThunk [0x7699FA29+25]
	RtlGetAppContainerNamedObjectPath [0x77AF7A9E+286]
	RtlGetAppContainerNamedObjectPath [0x77AF7A6E+238]

	at org.openqa.selenium.remote.W3CHandshakeResponse.lambda$errorHandler$0(W3CHandshakeResponse.java:62)
	at org.openqa.selenium.remote.HandshakeResponse.lambda$getResponseFunction$0(HandshakeResponse.java:30)
	at org.openqa.selenium.remote.ProtocolHandshake.lambda$createSession$0(ProtocolHandshake.java:126)
	at java.base/java.util.stream.ReferencePipeline$3$1.accept(ReferencePipeline.java:197)
	at java.base/java.util.Spliterators$ArraySpliterator.tryAdvance(Spliterators.java:958)
	at java.base/java.util.stream.ReferencePipeline.forEachWithCancel(ReferencePipeline.java:129)
	at java.base/java.util.stream.AbstractPipeline.copyIntoWithCancel(AbstractPipeline.java:502)
	at java.base/java.util.stream.AbstractPipeline.copyInto(AbstractPipeline.java:488)
	at java.base/java.util.stream.AbstractPipeline.wrapAndCopyInto(AbstractPipeline.java:474)
	at java.base/java.util.stream.FindOps$FindOp.evaluateSequential(FindOps.java:150)
	at java.base/java.util.stream.AbstractPipeline.evaluate(AbstractPipeline.java:234)
	at java.base/java.util.stream.ReferencePipeline.findFirst(ReferencePipeline.java:647)
	at org.openqa.selenium.remote.ProtocolHandshake.createSession(ProtocolHandshake.java:128)
	at org.openqa.selenium.remote.ProtocolHandshake.createSession(ProtocolHandshake.java:74)
	at org.openqa.selenium.remote.HttpCommandExecutor.execute(HttpCommandExecutor.java:136)
	at org.openqa.selenium.remote.service.DriverCommandExecutor.execute(DriverCommandExecutor.java:83)
	at org.openqa.selenium.remote.RemoteWebDriver.execute(RemoteWebDriver.java:552)
	at org.openqa.selenium.remote.RemoteWebDriver.startSession(RemoteWebDriver.java:213)
	at org.openqa.selenium.remote.RemoteWebDriver.&lt;init&gt;(RemoteWebDriver.java:131)
	at org.openqa.selenium.chrome.ChromeDriver.&lt;init&gt;(ChromeDriver.java:181)
	at org.openqa.selenium.chrome.ChromeDriver.&lt;init&gt;(ChromeDriver.java:168)
	at org.openqa.selenium.chrome.ChromeDriver.&lt;init&gt;(ChromeDriver.java:157)
	at com.webop.common.BrowsersFactory.startBrowser(BrowsersFactory.java:40)
... Removed 29 stack frames
</div> <!-- stack-trace -->
                </div> <!-- method-content -->
              </div> <!-- method -->
              <div class="method">
                <div class="method-content">
                  <a name="Booked_Job_with_Normal_flow_1">
                  </a> <!-- Booked_Job_with_Normal_flow_1 -->
                  <span class="method-name">Booked_Job_with_Normal_flow_1</span>
                  <div class="stack-trace">org.openqa.selenium.SessionNotCreatedException: session not created: This version of ChromeDriver only supports Chrome version 95
Current browser version is 103.0.5060.66 with binary path C:\Program Files (x86)\Google\Chrome\Application\chrome.exe
Build info: version: &apos;3.141.59&apos;, revision: &apos;e82be7d358&apos;, time: &apos;2018-11-14T08:17:03&apos;
System info: host: &apos;DESKTOP-34EGUV4&apos;, ip: &apos;192.168.10.9&apos;, os.name: &apos;Windows 10&apos;, os.arch: &apos;amd64&apos;, os.version: &apos;10.0&apos;, java.version: &apos;16.0.1&apos;
Driver info: driver.version: ChromeDriver
remote stacktrace: Backtrace:
	Ordinal0 [0x00D40C43+2493507]
	Ordinal0 [0x00CDA4B1+2073777]
	Ordinal0 [0x00BE2608+1058312]
	Ordinal0 [0x00C00771+1181553]
	Ordinal0 [0x00BFC57B+1164667]
	Ordinal0 [0x00BF9DCF+1154511]
	Ordinal0 [0x00C29F0F+1351439]
	Ordinal0 [0x00C29B7A+1350522]
	Ordinal0 [0x00C2580B+1333259]
	Ordinal0 [0x00C02314+1188628]
	Ordinal0 [0x00C0316F+1192303]
	GetHandleVerifier [0x00EC7BF6+1548950]
	GetHandleVerifier [0x00F7461C+2256060]
	GetHandleVerifier [0x00DCC13B+518107]
	GetHandleVerifier [0x00DCB1E0+514176]
	Ordinal0 [0x00CDF53D+2094397]
	Ordinal0 [0x00CE3418+2110488]
	Ordinal0 [0x00CE3552+2110802]
	Ordinal0 [0x00CECE81+2150017]
	BaseThreadInitThunk [0x7699FA29+25]
	RtlGetAppContainerNamedObjectPath [0x77AF7A9E+286]
	RtlGetAppContainerNamedObjectPath [0x77AF7A6E+238]

	at org.openqa.selenium.remote.W3CHandshakeResponse.lambda$errorHandler$0(W3CHandshakeResponse.java:62)
	at org.openqa.selenium.remote.HandshakeResponse.lambda$getResponseFunction$0(HandshakeResponse.java:30)
	at org.openqa.selenium.remote.ProtocolHandshake.lambda$createSession$0(ProtocolHandshake.java:126)
	at java.base/java.util.stream.ReferencePipeline$3$1.accept(ReferencePipeline.java:197)
	at java.base/java.util.Spliterators$ArraySpliterator.tryAdvance(Spliterators.java:958)
	at java.base/java.util.stream.ReferencePipeline.forEachWithCancel(ReferencePipeline.java:129)
	at java.base/java.util.stream.AbstractPipeline.copyIntoWithCancel(AbstractPipeline.java:502)
	at java.base/java.util.stream.AbstractPipeline.copyInto(AbstractPipeline.java:488)
	at java.base/java.util.stream.AbstractPipeline.wrapAndCopyInto(AbstractPipeline.java:474)
	at java.base/java.util.stream.FindOps$FindOp.evaluateSequential(FindOps.java:150)
	at java.base/java.util.stream.AbstractPipeline.evaluate(AbstractPipeline.java:234)
	at java.base/java.util.stream.ReferencePipeline.findFirst(ReferencePipeline.java:647)
	at org.openqa.selenium.remote.ProtocolHandshake.createSession(ProtocolHandshake.java:128)
	at org.openqa.selenium.remote.ProtocolHandshake.createSession(ProtocolHandshake.java:74)
	at org.openqa.selenium.remote.HttpCommandExecutor.execute(HttpCommandExecutor.java:136)
	at org.openqa.selenium.remote.service.DriverCommandExecutor.execute(DriverCommandExecutor.java:83)
	at org.openqa.selenium.remote.RemoteWebDriver.execute(RemoteWebDriver.java:552)
	at org.openqa.selenium.remote.RemoteWebDriver.startSession(RemoteWebDriver.java:213)
	at org.openqa.selenium.remote.RemoteWebDriver.&lt;init&gt;(RemoteWebDriver.java:131)
	at org.openqa.selenium.chrome.ChromeDriver.&lt;init&gt;(ChromeDriver.java:181)
	at org.openqa.selenium.chrome.ChromeDriver.&lt;init&gt;(ChromeDriver.java:168)
	at org.openqa.selenium.chrome.ChromeDriver.&lt;init&gt;(ChromeDriver.java:157)
	at com.webop.common.BrowsersFactory.startBrowser(BrowsersFactory.java:40)
... Removed 29 stack frames
</div> <!-- stack-trace -->
                </div> <!-- method-content -->
              </div> <!-- method -->
              <div class="method">
                <div class="method-content">
                  <a name="Emerald_Lunched">
                  </a> <!-- Emerald_Lunched -->
                  <span class="method-name">Emerald_Lunched</span>
                  <div class="stack-trace">org.openqa.selenium.SessionNotCreatedException: session not created: This version of ChromeDriver only supports Chrome version 95
Current browser version is 103.0.5060.66 with binary path C:\Program Files (x86)\Google\Chrome\Application\chrome.exe
Build info: version: &apos;3.141.59&apos;, revision: &apos;e82be7d358&apos;, time: &apos;2018-11-14T08:17:03&apos;
System info: host: &apos;DESKTOP-34EGUV4&apos;, ip: &apos;192.168.10.9&apos;, os.name: &apos;Windows 10&apos;, os.arch: &apos;amd64&apos;, os.version: &apos;10.0&apos;, java.version: &apos;16.0.1&apos;
Driver info: driver.version: ChromeDriver
remote stacktrace: Backtrace:
	Ordinal0 [0x00D40C43+2493507]
	Ordinal0 [0x00CDA4B1+2073777]
	Ordinal0 [0x00BE2608+1058312]
	Ordinal0 [0x00C00771+1181553]
	Ordinal0 [0x00BFC57B+1164667]
	Ordinal0 [0x00BF9DCF+1154511]
	Ordinal0 [0x00C29F0F+1351439]
	Ordinal0 [0x00C29B7A+1350522]
	Ordinal0 [0x00C2580B+1333259]
	Ordinal0 [0x00C02314+1188628]
	Ordinal0 [0x00C0316F+1192303]
	GetHandleVerifier [0x00EC7BF6+1548950]
	GetHandleVerifier [0x00F7461C+2256060]
	GetHandleVerifier [0x00DCC13B+518107]
	GetHandleVerifier [0x00DCB1E0+514176]
	Ordinal0 [0x00CDF53D+2094397]
	Ordinal0 [0x00CE3418+2110488]
	Ordinal0 [0x00CE3552+2110802]
	Ordinal0 [0x00CECE81+2150017]
	BaseThreadInitThunk [0x7699FA29+25]
	RtlGetAppContainerNamedObjectPath [0x77AF7A9E+286]
	RtlGetAppContainerNamedObjectPath [0x77AF7A6E+238]

	at org.openqa.selenium.remote.W3CHandshakeResponse.lambda$errorHandler$0(W3CHandshakeResponse.java:62)
	at org.openqa.selenium.remote.HandshakeResponse.lambda$getResponseFunction$0(HandshakeResponse.java:30)
	at org.openqa.selenium.remote.ProtocolHandshake.lambda$createSession$0(ProtocolHandshake.java:126)
	at java.base/java.util.stream.ReferencePipeline$3$1.accept(ReferencePipeline.java:197)
	at java.base/java.util.Spliterators$ArraySpliterator.tryAdvance(Spliterators.java:958)
	at java.base/java.util.stream.ReferencePipeline.forEachWithCancel(ReferencePipeline.java:129)
	at java.base/java.util.stream.AbstractPipeline.copyIntoWithCancel(AbstractPipeline.java:502)
	at java.base/java.util.stream.AbstractPipeline.copyInto(AbstractPipeline.java:488)
	at java.base/java.util.stream.AbstractPipeline.wrapAndCopyInto(AbstractPipeline.java:474)
	at java.base/java.util.stream.FindOps$FindOp.evaluateSequential(FindOps.java:150)
	at java.base/java.util.stream.AbstractPipeline.evaluate(AbstractPipeline.java:234)
	at java.base/java.util.stream.ReferencePipeline.findFirst(ReferencePipeline.java:647)
	at org.openqa.selenium.remote.ProtocolHandshake.createSession(ProtocolHandshake.java:128)
	at org.openqa.selenium.remote.ProtocolHandshake.createSession(ProtocolHandshake.java:74)
	at org.openqa.selenium.remote.HttpCommandExecutor.execute(HttpCommandExecutor.java:136)
	at org.openqa.selenium.remote.service.DriverCommandExecutor.execute(DriverCommandExecutor.java:83)
	at org.openqa.selenium.remote.RemoteWebDriver.execute(RemoteWebDriver.java:552)
	at org.openqa.selenium.remote.RemoteWebDriver.startSession(RemoteWebDriver.java:213)
	at org.openqa.selenium.remote.RemoteWebDriver.&lt;init&gt;(RemoteWebDriver.java:131)
	at org.openqa.selenium.chrome.ChromeDriver.&lt;init&gt;(ChromeDriver.java:181)
	at org.openqa.selenium.chrome.ChromeDriver.&lt;init&gt;(ChromeDriver.java:168)
	at org.openqa.selenium.chrome.ChromeDriver.&lt;init&gt;(ChromeDriver.java:157)
	at com.webop.common.BrowsersFactory.startBrowser(BrowsersFactory.java:40)
... Removed 29 stack frames
</div> <!-- stack-trace -->
                </div> <!-- method-content -->
              </div> <!-- method -->
              <div class="method">
                <div class="method-content">
                  <a name="valid_login">
                  </a> <!-- valid_login -->
                  <span class="method-name">valid_login</span>
                  <div class="stack-trace">org.openqa.selenium.SessionNotCreatedException: session not created: This version of ChromeDriver only supports Chrome version 95
Current browser version is 103.0.5060.66 with binary path C:\Program Files (x86)\Google\Chrome\Application\chrome.exe
Build info: version: &apos;3.141.59&apos;, revision: &apos;e82be7d358&apos;, time: &apos;2018-11-14T08:17:03&apos;
System info: host: &apos;DESKTOP-34EGUV4&apos;, ip: &apos;192.168.10.9&apos;, os.name: &apos;Windows 10&apos;, os.arch: &apos;amd64&apos;, os.version: &apos;10.0&apos;, java.version: &apos;16.0.1&apos;
Driver info: driver.version: ChromeDriver
remote stacktrace: Backtrace:
	Ordinal0 [0x00D40C43+2493507]
	Ordinal0 [0x00CDA4B1+2073777]
	Ordinal0 [0x00BE2608+1058312]
	Ordinal0 [0x00C00771+1181553]
	Ordinal0 [0x00BFC57B+1164667]
	Ordinal0 [0x00BF9DCF+1154511]
	Ordinal0 [0x00C29F0F+1351439]
	Ordinal0 [0x00C29B7A+1350522]
	Ordinal0 [0x00C2580B+1333259]
	Ordinal0 [0x00C02314+1188628]
	Ordinal0 [0x00C0316F+1192303]
	GetHandleVerifier [0x00EC7BF6+1548950]
	GetHandleVerifier [0x00F7461C+2256060]
	GetHandleVerifier [0x00DCC13B+518107]
	GetHandleVerifier [0x00DCB1E0+514176]
	Ordinal0 [0x00CDF53D+2094397]
	Ordinal0 [0x00CE3418+2110488]
	Ordinal0 [0x00CE3552+2110802]
	Ordinal0 [0x00CECE81+2150017]
	BaseThreadInitThunk [0x7699FA29+25]
	RtlGetAppContainerNamedObjectPath [0x77AF7A9E+286]
	RtlGetAppContainerNamedObjectPath [0x77AF7A6E+238]

	at org.openqa.selenium.remote.W3CHandshakeResponse.lambda$errorHandler$0(W3CHandshakeResponse.java:62)
	at org.openqa.selenium.remote.HandshakeResponse.lambda$getResponseFunction$0(HandshakeResponse.java:30)
	at org.openqa.selenium.remote.ProtocolHandshake.lambda$createSession$0(ProtocolHandshake.java:126)
	at java.base/java.util.stream.ReferencePipeline$3$1.accept(ReferencePipeline.java:197)
	at java.base/java.util.Spliterators$ArraySpliterator.tryAdvance(Spliterators.java:958)
	at java.base/java.util.stream.ReferencePipeline.forEachWithCancel(ReferencePipeline.java:129)
	at java.base/java.util.stream.AbstractPipeline.copyIntoWithCancel(AbstractPipeline.java:502)
	at java.base/java.util.stream.AbstractPipeline.copyInto(AbstractPipeline.java:488)
	at java.base/java.util.stream.AbstractPipeline.wrapAndCopyInto(AbstractPipeline.java:474)
	at java.base/java.util.stream.FindOps$FindOp.evaluateSequential(FindOps.java:150)
	at java.base/java.util.stream.AbstractPipeline.evaluate(AbstractPipeline.java:234)
	at java.base/java.util.stream.ReferencePipeline.findFirst(ReferencePipeline.java:647)
	at org.openqa.selenium.remote.ProtocolHandshake.createSession(ProtocolHandshake.java:128)
	at org.openqa.selenium.remote.ProtocolHandshake.createSession(ProtocolHandshake.java:74)
	at org.openqa.selenium.remote.HttpCommandExecutor.execute(HttpCommandExecutor.java:136)
	at org.openqa.selenium.remote.service.DriverCommandExecutor.execute(DriverCommandExecutor.java:83)
	at org.openqa.selenium.remote.RemoteWebDriver.execute(RemoteWebDriver.java:552)
	at org.openqa.selenium.remote.RemoteWebDriver.startSession(RemoteWebDriver.java:213)
	at org.openqa.selenium.remote.RemoteWebDriver.&lt;init&gt;(RemoteWebDriver.java:131)
	at org.openqa.selenium.chrome.ChromeDriver.&lt;init&gt;(ChromeDriver.java:181)
	at org.openqa.selenium.chrome.ChromeDriver.&lt;init&gt;(ChromeDriver.java:168)
	at org.openqa.selenium.chrome.ChromeDriver.&lt;init&gt;(ChromeDriver.java:157)
	at com.webop.common.BrowsersFactory.startBrowser(BrowsersFactory.java:40)
... Removed 29 stack frames
</div> <!-- stack-trace -->
                </div> <!-- method-content -->
              </div> <!-- method -->
            </div> <!-- main-panel-content rounded-window-bottom -->
          </div> <!-- suite-Suite-class-skipped -->
        </div> <!-- panel Suite -->
        <div panel-name="test-xml-Suite" class="panel">
          <div class="main-panel-header rounded-window-top">
            <span class="header-content">C:\Users\92301\git\webop-automation\WebOp.Booking.flow.Automation\testng.xml</span>
          </div> <!-- main-panel-header rounded-window-top -->
          <div class="main-panel-content rounded-window-bottom">
            <pre>
&lt;?xml version=&quot;1.0&quot; encoding=&quot;UTF-8&quot;?&gt;
&lt;!DOCTYPE suite SYSTEM &quot;https://testng.org/testng-1.0.dtd&quot;&gt;
&lt;suite name=&quot;Suite&quot; guice-stage=&quot;DEVELOPMENT&quot;&gt;
  &lt;parameter name=&quot;Teleno1&quot; value=&quot;110&quot;/&gt;
  &lt;parameter name=&quot;Teleno2&quot; value=&quot;111&quot;/&gt;
  &lt;parameter name=&quot;Teleno9&quot; value=&quot;118&quot;/&gt;
  &lt;parameter name=&quot;Teleno7&quot; value=&quot;116&quot;/&gt;
  &lt;parameter name=&quot;Teleno8&quot; value=&quot;117&quot;/&gt;
  &lt;parameter name=&quot;Teleno5&quot; value=&quot;114&quot;/&gt;
  &lt;parameter name=&quot;Teleno6&quot; value=&quot;115&quot;/&gt;
  &lt;parameter name=&quot;URL&quot; value=&quot;http://s-evop.infocabs.com/user/0&quot;/&gt;
  &lt;parameter name=&quot;Teleno3&quot; value=&quot;112&quot;/&gt;
  &lt;parameter name=&quot;Teleno4&quot; value=&quot;113&quot;/&gt;
  &lt;parameter name=&quot;AssignDrvr&quot; value=&quot;a&quot;/&gt;
  &lt;parameter name=&quot;browser&quot; value=&quot;chrome&quot;/&gt;
  &lt;parameter name=&quot;ValidPassword&quot; value=&quot;12345678&quot;/&gt;
  &lt;parameter name=&quot;KeybaordKeys2&quot; value=&quot;2&quot;/&gt;
  &lt;parameter name=&quot;KeybaordKeys1&quot; value=&quot;1&quot;/&gt;
  &lt;parameter name=&quot;F10&quot; value=&quot;MPV&quot;/&gt;
  &lt;parameter name=&quot;KeybaordKeys5&quot; value=&quot;5&quot;/&gt;
  &lt;parameter name=&quot;KeybaordKeys4&quot; value=&quot;4&quot;/&gt;
  &lt;parameter name=&quot;F12&quot; value=&quot;Luxury&quot;/&gt;
  &lt;parameter name=&quot;KeybaordKeys3&quot; value=&quot;3&quot;/&gt;
  &lt;parameter name=&quot;F11&quot; value=&quot;Standard&quot;/&gt;
  &lt;parameter name=&quot;F14&quot; value=&quot;Pet Friendly&quot;/&gt;
  &lt;parameter name=&quot;F13&quot; value=&quot;WheelChair&quot;/&gt;
  &lt;parameter name=&quot;F16&quot; value=&quot;CarOnly&quot;/&gt;
  &lt;parameter name=&quot;F1&quot; value=&quot;Gold&quot;/&gt;
  &lt;parameter name=&quot;F15&quot; value=&quot;Large Boot&quot;/&gt;
  &lt;parameter name=&quot;Teleno10&quot; value=&quot;119&quot;/&gt;
  &lt;parameter name=&quot;F2&quot; value=&quot;Gold&quot;/&gt;
  &lt;parameter name=&quot;Teleno11&quot; value=&quot;120&quot;/&gt;
  &lt;parameter name=&quot;F3&quot; value=&quot;Silver&quot;/&gt;
  &lt;parameter name=&quot;Date&quot; value=&quot;30092021&quot;/&gt;
  &lt;parameter name=&quot;F4&quot; value=&quot;Saloon&quot;/&gt;
  &lt;parameter name=&quot;F5&quot; value=&quot;Hatchback&quot;/&gt;
  &lt;parameter name=&quot;F6&quot; value=&quot;Estate&quot;/&gt;
  &lt;parameter name=&quot;F7&quot; value=&quot;6 Seater&quot;/&gt;
  &lt;parameter name=&quot;F8&quot; value=&quot;8 Seater&quot;/&gt;
  &lt;parameter name=&quot;F9&quot; value=&quot;Mini Bus&quot;/&gt;
  &lt;parameter name=&quot;Time2&quot; value=&quot;2115&quot;/&gt;
  &lt;parameter name=&quot;Time1&quot; value=&quot;2100&quot;/&gt;
  &lt;parameter name=&quot;Time4&quot; value=&quot;2130&quot;/&gt;
  &lt;parameter name=&quot;Time3&quot; value=&quot;2116&quot;/&gt;
  &lt;parameter name=&quot;Time6&quot; value=&quot;2159&quot;/&gt;
  &lt;parameter name=&quot;Time5&quot; value=&quot;2131&quot;/&gt;
  &lt;parameter name=&quot;ValidUsername&quot; value=&quot;sandy@hollywoodcars&quot;/&gt;
  &lt;listeners&gt;
    &lt;listener class-name=&quot;com.webop.common.TestListeners&quot;/&gt;
  &lt;/listeners&gt;
  &lt;test thread-count=&quot;5&quot; name=&quot;Web Op Booking Testing Flow&quot;&gt;
  &lt;/test&gt; &lt;!-- Web Op Booking Testing Flow --&gt;
  &lt;test thread-count=&quot;5&quot; name=&quot;New.test.Project&quot;&gt;
    &lt;classes&gt;
      &lt;class name=&quot;com.webop.common.BrowsersFactory&quot;/&gt;
      &lt;class name=&quot;com.webop.testcases.Booking_flow_testcases_1_20&quot;/&gt;
    &lt;/classes&gt;
  &lt;/test&gt; &lt;!-- New.test.Project --&gt;
&lt;/suite&gt; &lt;!-- Suite --&gt;
            </pre>
          </div> <!-- main-panel-content rounded-window-bottom -->
        </div> <!-- panel -->
        <div panel-name="testlist-Suite" class="panel">
          <div class="main-panel-header rounded-window-top">
            <span class="header-content">Tests for Suite</span>
          </div> <!-- main-panel-header rounded-window-top -->
          <div class="main-panel-content rounded-window-bottom">
            <ul>
              <li>
                <span class="test-name">Web Op Booking Testing Flow (0 classes)</span>
              </li>
              <li>
                <span class="test-name">New.test.Project (2 classes)</span>
              </li>
            </ul>
          </div> <!-- main-panel-content rounded-window-bottom -->
        </div> <!-- panel -->
        <div panel-name="group-Suite" class="panel">
          <div class="main-panel-header rounded-window-top">
            <span class="header-content">Groups for Suite</span>
          </div> <!-- main-panel-header rounded-window-top -->
          <div class="main-panel-content rounded-window-bottom">
          </div> <!-- main-panel-content rounded-window-bottom -->
        </div> <!-- panel -->
        <div panel-name="times-Suite" class="panel">
          <div class="main-panel-header rounded-window-top">
            <span class="header-content">Times for Suite</span>
          </div> <!-- main-panel-header rounded-window-top -->
          <div class="main-panel-content rounded-window-bottom">
            <div class="times-div">
              <script type="text/javascript">
suiteTableInitFunctions.push('tableData_Suite');
function tableData_Suite() {
var data = new google.visualization.DataTable();
data.addColumn('number', 'Number');
data.addColumn('string', 'Method');
data.addColumn('string', 'Class');
data.addColumn('number', 'Time (ms)');
data.addRows(22);
data.setCell(0, 0, 0)
data.setCell(0, 1, 'Booked_Job_8')
data.setCell(0, 2, 'com.webop.testcases.Booking_flow_testcases_1_20')
data.setCell(0, 3, 0);
data.setCell(1, 0, 1)
data.setCell(1, 1, 'Booked_Job_3')
data.setCell(1, 2, 'com.webop.testcases.Booking_flow_testcases_1_20')
data.setCell(1, 3, 0);
data.setCell(2, 0, 2)
data.setCell(2, 1, 'Booked_Job_4')
data.setCell(2, 2, 'com.webop.testcases.Booking_flow_testcases_1_20')
data.setCell(2, 3, 0);
data.setCell(3, 0, 3)
data.setCell(3, 1, 'Booked_Job_18')
data.setCell(3, 2, 'com.webop.testcases.Booking_flow_testcases_1_20')
data.setCell(3, 3, 0);
data.setCell(4, 0, 4)
data.setCell(4, 1, 'Booked_Job_2')
data.setCell(4, 2, 'com.webop.testcases.Booking_flow_testcases_1_20')
data.setCell(4, 3, 0);
data.setCell(5, 0, 5)
data.setCell(5, 1, 'Booked_Job_11')
data.setCell(5, 2, 'com.webop.testcases.Booking_flow_testcases_1_20')
data.setCell(5, 3, 0);
data.setCell(6, 0, 6)
data.setCell(6, 1, 'Booked_Job_14')
data.setCell(6, 2, 'com.webop.testcases.Booking_flow_testcases_1_20')
data.setCell(6, 3, 0);
data.setCell(7, 0, 7)
data.setCell(7, 1, 'Booked_Job_19')
data.setCell(7, 2, 'com.webop.testcases.Booking_flow_testcases_1_20')
data.setCell(7, 3, 0);
data.setCell(8, 0, 8)
data.setCell(8, 1, 'Booked_Job_12')
data.setCell(8, 2, 'com.webop.testcases.Booking_flow_testcases_1_20')
data.setCell(8, 3, 0);
data.setCell(9, 0, 9)
data.setCell(9, 1, 'Booked_Job_7')
data.setCell(9, 2, 'com.webop.testcases.Booking_flow_testcases_1_20')
data.setCell(9, 3, 0);
data.setCell(10, 0, 10)
data.setCell(10, 1, 'Booked_Job_6')
data.setCell(10, 2, 'com.webop.testcases.Booking_flow_testcases_1_20')
data.setCell(10, 3, 0);
data.setCell(11, 0, 11)
data.setCell(11, 1, 'Booked_Job_with_Normal_flow_1')
data.setCell(11, 2, 'com.webop.testcases.Booking_flow_testcases_1_20')
data.setCell(11, 3, 0);
data.setCell(12, 0, 12)
data.setCell(12, 1, 'Booked_Job_5')
data.setCell(12, 2, 'com.webop.testcases.Booking_flow_testcases_1_20')
data.setCell(12, 3, 0);
data.setCell(13, 0, 13)
data.setCell(13, 1, 'Booked_Job_10')
data.setCell(13, 2, 'com.webop.testcases.Booking_flow_testcases_1_20')
data.setCell(13, 3, 0);
data.setCell(14, 0, 14)
data.setCell(14, 1, 'Emerald_Lunched')
data.setCell(14, 2, 'com.webop.testcases.Booking_flow_testcases_1_20')
data.setCell(14, 3, 0);
data.setCell(15, 0, 15)
data.setCell(15, 1, 'Booked_Job_15')
data.setCell(15, 2, 'com.webop.testcases.Booking_flow_testcases_1_20')
data.setCell(15, 3, 0);
data.setCell(16, 0, 16)
data.setCell(16, 1, 'Booked_Job_17')
data.setCell(16, 2, 'com.webop.testcases.Booking_flow_testcases_1_20')
data.setCell(16, 3, 0);
data.setCell(17, 0, 17)
data.setCell(17, 1, 'Booked_Job_20')
data.setCell(17, 2, 'com.webop.testcases.Booking_flow_testcases_1_20')
data.setCell(17, 3, 0);
data.setCell(18, 0, 18)
data.setCell(18, 1, 'Booked_Job_13')
data.setCell(18, 2, 'com.webop.testcases.Booking_flow_testcases_1_20')
data.setCell(18, 3, 0);
data.setCell(19, 0, 19)
data.setCell(19, 1, 'valid_login')
data.setCell(19, 2, 'com.webop.testcases.Booking_flow_testcases_1_20')
data.setCell(19, 3, 0);
data.setCell(20, 0, 20)
data.setCell(20, 1, 'Booked_Job_9')
data.setCell(20, 2, 'com.webop.testcases.Booking_flow_testcases_1_20')
data.setCell(20, 3, 0);
data.setCell(21, 0, 21)
data.setCell(21, 1, 'Booked_Job_16')
data.setCell(21, 2, 'com.webop.testcases.Booking_flow_testcases_1_20')
data.setCell(21, 3, 0);
window.suiteTableData['Suite']= { tableData: data, tableDiv: 'times-div-Suite'}
return data;
}
              </script>
              <span class="suite-total-time">Total running time: 0 ms</span>
              <div id="times-div-Suite">
              </div> <!-- times-div-Suite -->
            </div> <!-- times-div -->
          </div> <!-- main-panel-content rounded-window-bottom -->
        </div> <!-- panel -->
        <div panel-name="reporter-Suite" class="panel">
          <div class="main-panel-header rounded-window-top">
            <span class="header-content">Reporter output for Suite</span>
          </div> <!-- main-panel-header rounded-window-top -->
          <div class="main-panel-content rounded-window-bottom">
          </div> <!-- main-panel-content rounded-window-bottom -->
        </div> <!-- panel -->
        <div panel-name="ignored-methods-Suite" class="panel">
          <div class="main-panel-header rounded-window-top">
            <span class="header-content">2 ignored methods</span>
          </div> <!-- main-panel-header rounded-window-top -->
          <div class="main-panel-content rounded-window-bottom">
            <div class="ignored-class-div">
              <span class="ignored-class-name">com.webop.testcases.Booking_flow_testcases_1_20</span>
              <div class="ignored-methods-div">
                <span class="ignored-method-name">startBrowser</span>
                <br/>
                <span class="ignored-method-name">afterMethod</span>
                <br/>
              </div> <!-- ignored-methods-div -->
            </div> <!-- ignored-class-div -->
          </div> <!-- main-panel-content rounded-window-bottom -->
        </div> <!-- panel -->
        <div panel-name="chronological-Suite" class="panel">
          <div class="main-panel-header rounded-window-top">
            <span class="header-content">Methods in chronological order</span>
          </div> <!-- main-panel-header rounded-window-top -->
          <div class="main-panel-content rounded-window-bottom">
            <div class="chronological-class">
              <div class="chronological-class-name">com.webop.common.BrowsersFactory</div> <!-- chronological-class-name -->
              <div class="configuration-test before">
                <img src="failed.png">
                </img>
                <span class="method-name">startBrowser(chrome)</span>
                <span class="method-start">0 ms</span>
              </div> <!-- configuration-test before -->
            </div> <!-- chronological-class -->
            <div class="chronological-class">
              <div class="chronological-class-name">com.webop.testcases.Booking_flow_testcases_1_20</div> <!-- chronological-class-name -->
              <div class="test-method">
                <span class="method-name">Emerald_Lunched</span>
                <span class="method-start">2179 ms</span>
              </div> <!-- test-method -->
              <div class="test-method">
                <span class="method-name">valid_login</span>
                <span class="method-start">2204 ms</span>
              </div> <!-- test-method -->
              <div class="test-method">
                <span class="method-name">Booked_Job_with_Normal_flow_1</span>
                <span class="method-start">2212 ms</span>
              </div> <!-- test-method -->
              <div class="test-method">
                <span class="method-name">Booked_Job_2</span>
                <span class="method-start">2220 ms</span>
              </div> <!-- test-method -->
              <div class="test-method">
                <span class="method-name">Booked_Job_3</span>
                <span class="method-start">2233 ms</span>
              </div> <!-- test-method -->
              <div class="test-method">
                <span class="method-name">Booked_Job_4</span>
                <span class="method-start">2249 ms</span>
              </div> <!-- test-method -->
              <div class="test-method">
                <span class="method-name">Booked_Job_5</span>
                <span class="method-start">2262 ms</span>
              </div> <!-- test-method -->
              <div class="test-method">
                <span class="method-name">Booked_Job_6</span>
                <span class="method-start">2279 ms</span>
              </div> <!-- test-method -->
              <div class="test-method">
                <span class="method-name">Booked_Job_7</span>
                <span class="method-start">2295 ms</span>
              </div> <!-- test-method -->
              <div class="test-method">
                <span class="method-name">Booked_Job_8</span>
                <span class="method-start">2308 ms</span>
              </div> <!-- test-method -->
              <div class="test-method">
                <span class="method-name">Booked_Job_9</span>
                <span class="method-start">2326 ms</span>
              </div> <!-- test-method -->
              <div class="test-method">
                <span class="method-name">Booked_Job_10</span>
                <span class="method-start">2344 ms</span>
              </div> <!-- test-method -->
              <div class="test-method">
                <span class="method-name">Booked_Job_11</span>
                <span class="method-start">2357 ms</span>
              </div> <!-- test-method -->
              <div class="test-method">
                <span class="method-name">Booked_Job_12</span>
                <span class="method-start">2368 ms</span>
              </div> <!-- test-method -->
              <div class="test-method">
                <span class="method-name">Booked_Job_13</span>
                <span class="method-start">2381 ms</span>
              </div> <!-- test-method -->
              <div class="test-method">
                <span class="method-name">Booked_Job_14</span>
                <span class="method-start">2403 ms</span>
              </div> <!-- test-method -->
              <div class="test-method">
                <span class="method-name">Booked_Job_15</span>
                <span class="method-start">2411 ms</span>
              </div> <!-- test-method -->
              <div class="test-method">
                <span class="method-name">Booked_Job_16</span>
                <span class="method-start">2421 ms</span>
              </div> <!-- test-method -->
              <div class="test-method">
                <span class="method-name">Booked_Job_17</span>
                <span class="method-start">2427 ms</span>
              </div> <!-- test-method -->
              <div class="test-method">
                <span class="method-name">Booked_Job_18</span>
                <span class="method-start">2433 ms</span>
              </div> <!-- test-method -->
              <div class="test-method">
                <span class="method-name">Booked_Job_19</span>
                <span class="method-start">2441 ms</span>
              </div> <!-- test-method -->
              <div class="test-method">
                <span class="method-name">Booked_Job_20</span>
                <span class="method-start">2449 ms</span>
              </div> <!-- test-method -->
            </div> <!-- chronological-class -->
            <div class="chronological-class">
              <div class="chronological-class-name">com.webop.common.BrowsersFactory</div> <!-- chronological-class-name -->
              <div class="configuration-test after">
                <span class="method-name">afterMethod</span>
                <span class="method-start">2457 ms</span>
              </div> <!-- configuration-test after -->
          </div> <!-- main-panel-content rounded-window-bottom -->
        </div> <!-- panel -->
      </div> <!-- main-panel-root -->
    </div> <!-- wrapper -->
  </body>
</html>
