<?xml version="1.0" encoding="UTF-8"?>
<!-- Generated by org.testng.reporters.JUnitXMLReporter -->
<testsuite ignored="2" hostname="DESKTOP-34EGUV4" failures="0" tests="22" name="New.test.Project" time="2.472" errors="0" timestamp="2022-07-02T21:33:45 PKT">
  <testcase classname="com.webop.common.BrowsersFactory" name="@BeforeTest startBrowser" time="2.132">
    <failure type="org.openqa.selenium.SessionNotCreatedException" message="session not created: This version of ChromeDriver only supports Chrome version 95
Current browser version is 103.0.5060.66 with binary path C:\Program Files (x86)\Google\Chrome\Application\chrome.exe
Build info: version: &amp;apos;3.141.59&amp;apos;, revision: &amp;apos;e82be7d358&amp;apos;, time: &amp;apos;2018-11-14T08:17:03&amp;apos;
System info: host: &amp;apos;DESKTOP-34EGUV4&amp;apos;, ip: &amp;apos;192.168.10.9&amp;apos;, os.name: &amp;apos;Windows 10&amp;apos;, os.arch: &amp;apos;amd64&amp;apos;, os.version: &amp;apos;10.0&amp;apos;, java.version: &amp;apos;16.0.1&amp;apos;
Driver info: driver.version: ChromeDriver
remote stacktrace: Backtrace:
	Ordinal0 [0x00D40C43+2493507]
	Ordinal0 [0x00CDA4B1+2073777]
	Ordinal0 [0x00BE2608+1058312]
	Ordinal0 [0x00C00771+1181553]
	Ordinal0 [0x00BFC57B+1164667]
	Ordinal0 [0x00BF9DCF+1154511]
	Ordinal0 [0x00C29F0F+1351439]
	Ordinal0 [0x00C29B7A+1350522]
	Ordinal0 [0x00C2580B+1333259]
	Ordinal0 [0x00C02314+1188628]
	Ordinal0 [0x00C0316F+1192303]
	GetHandleVerifier [0x00EC7BF6+1548950]
	GetHandleVerifier [0x00F7461C+2256060]
	GetHandleVerifier [0x00DCC13B+518107]
	GetHandleVerifier [0x00DCB1E0+514176]
	Ordinal0 [0x00CDF53D+2094397]
	Ordinal0 [0x00CE3418+2110488]
	Ordinal0 [0x00CE3552+2110802]
	Ordinal0 [0x00CECE81+2150017]
	BaseThreadInitThunk [0x7699FA29+25]
	RtlGetAppContainerNamedObjectPath [0x77AF7A9E+286]
	RtlGetAppContainerNamedObjectPath [0x77AF7A6E+238]
">
      <![CDATA[org.openqa.selenium.SessionNotCreatedException: session not created: This version of ChromeDriver only supports Chrome version 95
Current browser version is 103.0.5060.66 with binary path C:\Program Files (x86)\Google\Chrome\Application\chrome.exe
Build info: version: '3.141.59', revision: 'e82be7d358', time: '2018-11-14T08:17:03'
System info: host: 'DESKTOP-34EGUV4', ip: '192.168.10.9', os.name: 'Windows 10', os.arch: 'amd64', os.version: '10.0', java.version: '16.0.1'
Driver info: driver.version: ChromeDriver
remote stacktrace: Backtrace:
Ordinal0 [0x00D40C43+2493507]
Ordinal0 [0x00CDA4B1+2073777]
Ordinal0 [0x00BE2608+1058312]
Ordinal0 [0x00C00771+1181553]
Ordinal0 [0x00BFC57B+1164667]
Ordinal0 [0x00BF9DCF+1154511]
Ordinal0 [0x00C29F0F+1351439]
Ordinal0 [0x00C29B7A+1350522]
Ordinal0 [0x00C2580B+1333259]
Ordinal0 [0x00C02314+1188628]
Ordinal0 [0x00C0316F+1192303]
GetHandleVerifier [0x00EC7BF6+1548950]
GetHandleVerifier [0x00F7461C+2256060]
GetHandleVerifier [0x00DCC13B+518107]
GetHandleVerifier [0x00DCB1E0+514176]
Ordinal0 [0x00CDF53D+2094397]
Ordinal0 [0x00CE3418+2110488]
Ordinal0 [0x00CE3552+2110802]
Ordinal0 [0x00CECE81+2150017]
BaseThreadInitThunk [0x7699FA29+25]
RtlGetAppContainerNamedObjectPath [0x77AF7A9E+286]
RtlGetAppContainerNamedObjectPath [0x77AF7A6E+238]

at org.openqa.selenium.remote.W3CHandshakeResponse.lambda$errorHandler$0(W3CHandshakeResponse.java:62)
at org.openqa.selenium.remote.HandshakeResponse.lambda$getResponseFunction$0(HandshakeResponse.java:30)
at org.openqa.selenium.remote.ProtocolHandshake.lambda$createSession$0(ProtocolHandshake.java:126)
at java.base/java.util.stream.ReferencePipeline$3$1.accept(ReferencePipeline.java:197)
at java.base/java.util.Spliterators$ArraySpliterator.tryAdvance(Spliterators.java:958)
at java.base/java.util.stream.ReferencePipeline.forEachWithCancel(ReferencePipeline.java:129)
at java.base/java.util.stream.AbstractPipeline.copyIntoWithCancel(AbstractPipeline.java:502)
at java.base/java.util.stream.AbstractPipeline.copyInto(AbstractPipeline.java:488)
at java.base/java.util.stream.AbstractPipeline.wrapAndCopyInto(AbstractPipeline.java:474)
at java.base/java.util.stream.FindOps$FindOp.evaluateSequential(FindOps.java:150)
at java.base/java.util.stream.AbstractPipeline.evaluate(AbstractPipeline.java:234)
at java.base/java.util.stream.ReferencePipeline.findFirst(ReferencePipeline.java:647)
at org.openqa.selenium.remote.ProtocolHandshake.createSession(ProtocolHandshake.java:128)
at org.openqa.selenium.remote.ProtocolHandshake.createSession(ProtocolHandshake.java:74)
at org.openqa.selenium.remote.HttpCommandExecutor.execute(HttpCommandExecutor.java:136)
at org.openqa.selenium.remote.service.DriverCommandExecutor.execute(DriverCommandExecutor.java:83)
at org.openqa.selenium.remote.RemoteWebDriver.execute(RemoteWebDriver.java:552)
at org.openqa.selenium.remote.RemoteWebDriver.startSession(RemoteWebDriver.java:213)
at org.openqa.selenium.remote.RemoteWebDriver.<init>(RemoteWebDriver.java:131)
at org.openqa.selenium.chrome.ChromeDriver.<init>(ChromeDriver.java:181)
at org.openqa.selenium.chrome.ChromeDriver.<init>(ChromeDriver.java:168)
at org.openqa.selenium.chrome.ChromeDriver.<init>(ChromeDriver.java:157)
at com.webop.common.BrowsersFactory.startBrowser(BrowsersFactory.java:40)
... Removed 29 stack frames]]>
    </failure>
  </testcase> <!-- @BeforeTest startBrowser -->
  <testcase classname="com.webop.common.BrowsersFactory" name="@AfterTest afterMethod" time="-1.656779625012E9">
    <skipped/>
  </testcase> <!-- @AfterTest afterMethod -->
  <testcase classname="com.webop.testcases.Booking_flow_testcases_1_20" name="Emerald_Lunched" time="0.0">
    <skipped/>
  </testcase> <!-- Emerald_Lunched -->
  <testcase classname="com.webop.testcases.Booking_flow_testcases_1_20" name="valid_login" time="0.0">
    <skipped/>
  </testcase> <!-- valid_login -->
  <testcase classname="com.webop.testcases.Booking_flow_testcases_1_20" name="Booked_Job_with_Normal_flow_1" time="0.0">
    <skipped/>
  </testcase> <!-- Booked_Job_with_Normal_flow_1 -->
  <testcase classname="com.webop.testcases.Booking_flow_testcases_1_20" name="Booked_Job_2" time="0.0">
    <skipped/>
  </testcase> <!-- Booked_Job_2 -->
  <testcase classname="com.webop.testcases.Booking_flow_testcases_1_20" name="Booked_Job_3" time="0.0">
    <skipped/>
  </testcase> <!-- Booked_Job_3 -->
  <testcase classname="com.webop.testcases.Booking_flow_testcases_1_20" name="Booked_Job_4" time="0.0">
    <skipped/>
  </testcase> <!-- Booked_Job_4 -->
  <testcase classname="com.webop.testcases.Booking_flow_testcases_1_20" name="Booked_Job_5" time="0.0">
    <skipped/>
  </testcase> <!-- Booked_Job_5 -->
  <testcase classname="com.webop.testcases.Booking_flow_testcases_1_20" name="Booked_Job_6" time="0.0">
    <skipped/>
  </testcase> <!-- Booked_Job_6 -->
  <testcase classname="com.webop.testcases.Booking_flow_testcases_1_20" name="Booked_Job_7" time="0.0">
    <skipped/>
  </testcase> <!-- Booked_Job_7 -->
  <testcase classname="com.webop.testcases.Booking_flow_testcases_1_20" name="Booked_Job_8" time="0.0">
    <skipped/>
  </testcase> <!-- Booked_Job_8 -->
  <testcase classname="com.webop.testcases.Booking_flow_testcases_1_20" name="Booked_Job_9" time="0.0">
    <skipped/>
  </testcase> <!-- Booked_Job_9 -->
  <testcase classname="com.webop.testcases.Booking_flow_testcases_1_20" name="Booked_Job_10" time="0.0">
    <skipped/>
  </testcase> <!-- Booked_Job_10 -->
  <testcase classname="com.webop.testcases.Booking_flow_testcases_1_20" name="Booked_Job_11" time="0.0">
    <skipped/>
  </testcase> <!-- Booked_Job_11 -->
  <testcase classname="com.webop.testcases.Booking_flow_testcases_1_20" name="Booked_Job_12" time="0.0">
    <skipped/>
  </testcase> <!-- Booked_Job_12 -->
  <testcase classname="com.webop.testcases.Booking_flow_testcases_1_20" name="Booked_Job_13" time="0.0">
    <skipped/>
  </testcase> <!-- Booked_Job_13 -->
  <testcase classname="com.webop.testcases.Booking_flow_testcases_1_20" name="Booked_Job_14" time="0.0">
    <skipped/>
  </testcase> <!-- Booked_Job_14 -->
  <testcase classname="com.webop.testcases.Booking_flow_testcases_1_20" name="Booked_Job_15" time="0.0">
    <skipped/>
  </testcase> <!-- Booked_Job_15 -->
  <testcase classname="com.webop.testcases.Booking_flow_testcases_1_20" name="Booked_Job_16" time="0.0">
    <skipped/>
  </testcase> <!-- Booked_Job_16 -->
  <testcase classname="com.webop.testcases.Booking_flow_testcases_1_20" name="Booked_Job_17" time="0.0">
    <skipped/>
  </testcase> <!-- Booked_Job_17 -->
  <testcase classname="com.webop.testcases.Booking_flow_testcases_1_20" name="Booked_Job_18" time="0.0">
    <skipped/>
  </testcase> <!-- Booked_Job_18 -->
  <testcase classname="com.webop.testcases.Booking_flow_testcases_1_20" name="Booked_Job_19" time="0.0">
    <skipped/>
  </testcase> <!-- Booked_Job_19 -->
  <testcase classname="com.webop.testcases.Booking_flow_testcases_1_20" name="Booked_Job_20" time="0.0">
    <skipped/>
  </testcase> <!-- Booked_Job_20 -->
  <testcase classname="com.webop.common.BrowsersFactory" name="@BeforeTest startBrowser" time="0.0">
    <ignored/>
  </testcase> <!-- @BeforeTest startBrowser -->
  <testcase classname="com.webop.common.BrowsersFactory" name="@AfterTest afterMethod" time="0.0">
    <ignored/>
  </testcase> <!-- @AfterTest afterMethod -->
</testsuite> <!-- New.test.Project -->
